[2025-09-17T22:25:29.480+08:00] actionSpace for this interface is: Tap, RightClick, DoubleClick, Hover, Input, KeyboardPress, Scroll, DragAndDrop, LongPress, Swipe
[2025-09-17T22:25:37.164+08:00] will prepend locate param for field action.type=Input param={"bbox":[235,150,1224,206],"prompt":"搜索框"} locatePlan={"type":"Locate","locate":{"bbox":[235,150,1224,206],"prompt":"搜索框"},"param":{"bbox":[235,150,1224,206],"prompt":"搜索框"},"thought":""}
[2025-09-17T22:25:37.425+08:00] update cache, prompt: 搜索框, xpaths: [
  '/html/body/div[1]/div[1]/div[3]/div[2]/form[1]/div[1]/div[1]/textarea[1]'
]
[2025-09-17T22:25:37.480+08:00] executing action Input {
  value: '今日天气',
  locate: {
    id: 'lbofp',
    attributes: { nodeType: 'POSITION Node' },
    rect: { left: 725, top: 174, width: 8, height: 8 },
    content: '',
    center: [ 729, 178 ]
  }
} context.element.center: 729,178
[2025-09-17T22:25:37.610+08:00] will call "beforeInvokeAction" for interface
[2025-09-17T22:25:37.825+08:00] called "beforeInvokeAction" for interface
[2025-09-17T22:25:37.825+08:00] calling action Input
[2025-09-17T22:25:38.293+08:00] called action Input
[2025-09-17T22:25:38.293+08:00] will call "afterInvokeAction" for interface
[2025-09-17T22:25:38.294+08:00] called "afterInvokeAction" for interface
[2025-09-17T22:25:38.499+08:00] actionSpace for this interface is: Tap, RightClick, DoubleClick, Hover, Input, KeyboardPress, Scroll, DragAndDrop, LongPress, Swipe
[2025-09-17T22:25:44.702+08:00] field 'locate' is not provided for action KeyboardPress
[2025-09-17T22:25:44.768+08:00] executing action KeyboardPress { keyName: 'Enter' } context.element.center: undefined
[2025-09-17T22:25:44.887+08:00] will call "beforeInvokeAction" for interface
[2025-09-17T22:25:45.107+08:00] called "beforeInvokeAction" for interface
[2025-09-17T22:25:45.107+08:00] calling action KeyboardPress
[2025-09-17T22:25:45.117+08:00] called action KeyboardPress
[2025-09-17T22:25:45.117+08:00] will call "afterInvokeAction" for interface
[2025-09-17T22:25:45.117+08:00] called "afterInvokeAction" for interface
[2025-09-17T22:28:26.764+08:00] actionSpace for this interface is: Tap, RightClick, DoubleClick, Hover, Input, KeyboardPress, Scroll, DragAndDrop, LongPress, Swipe
[2025-09-17T22:33:29.252+08:00] actionSpace for this interface is: Tap, RightClick, DoubleClick, Hover, Input, KeyboardPress, Scroll, DragAndDrop, LongPress, Swipe
[2025-09-17T22:33:35.111+08:00] will prepend locate param for field action.type=Input param={"bbox":[230,154,1147,202],"prompt":"搜索框"} locatePlan={"type":"Locate","locate":{"bbox":[230,154,1147,202],"prompt":"搜索框"},"param":{"bbox":[230,154,1147,202],"prompt":"搜索框"},"thought":""}
[2025-09-17T22:33:35.276+08:00] update cache, prompt: 搜索框, xpaths: [
  '/html/body/div[1]/div[1]/div[3]/div[2]/form[1]/div[1]/div[1]/textarea[1]'
]
[2025-09-17T22:33:35.359+08:00] executing action Input {
  value: '今日天气',
  locate: WebElementInfoImpl {
    content: '',
    rect: {
      left: 273,
      top: 168,
      width: 843,
      height: 22,
      zoom: 1,
      isVisible: true
    },
    center: [ 694, 179 ],
    id: 'ieoaa',
    indexId: 22,
    attributes: {
      id: 'sb_form_q',
      class: '.sb_form_q',
      name: 'q',
      type: 'search',
      inputmode: 'search',
      maxlength: '2000',
      autocomplete: 'off',
      'aria-autocomplete': 'both',
      'aria-label': '0/2000 个字符',
      spellcheck: 'false',
      autocorrect: 'off',
      autocapitalize: 'none',
      rows: '1',
      enterkeyhint: 'search',
      style: 'width: 843px;',
      htmlTagName: '<textarea>',
      nodeType: 'FORM_ITEM Node'
    },
    xpaths: undefined,
    isVisible: true
  }
} context.element.center: 694,179
[2025-09-17T22:33:35.514+08:00] will call "beforeInvokeAction" for interface
[2025-09-17T22:33:35.725+08:00] called "beforeInvokeAction" for interface
[2025-09-17T22:33:35.725+08:00] calling action Input
[2025-09-17T22:33:36.205+08:00] called action Input
[2025-09-17T22:33:36.205+08:00] will call "afterInvokeAction" for interface
[2025-09-17T22:33:36.205+08:00] called "afterInvokeAction" for interface
[2025-09-17T22:33:36.475+08:00] actionSpace for this interface is: Tap, RightClick, DoubleClick, Hover, Input, KeyboardPress, Scroll, DragAndDrop, LongPress, Swipe
[2025-09-17T22:33:41.151+08:00] will prepend locate param for field action.type=Tap param={"bbox":[278,215,346,237],"prompt":"搜索建议中的“今日天气”选项"} locatePlan={"type":"Locate","locate":{"bbox":[278,215,346,237],"prompt":"搜索建议中的“今日天气”选项"},"param":{"bbox":[278,215,346,237],"prompt":"搜索建议中的“今日天气”选项"},"thought":""}
[2025-09-17T22:33:41.298+08:00] update cache, prompt: 搜索建议中的“今日天气”选项, xpaths: [
  '/html/body/div[1]/div[1]/div[3]/div[2]/form[1]/div[5]/div[1]/div[1]/div[1]/ul[1]/li[1]/div[2]/span[normalize-space()="今日天气"]'
]
[2025-09-17T22:33:41.371+08:00] executing action Tap {
  locate: WebElementInfoImpl {
    content: '今日天气',
    rect: {
      left: 275,
      top: 222,
      width: 64,
      height: 18,
      zoom: 1,
      isVisible: true
    },
    center: [ 307, 231 ],
    id: 'bdclh',
    indexId: 24,
    attributes: { nodeType: 'TEXT Node', htmlTagName: '<span>' },
    xpaths: undefined,
    isVisible: true
  }
} context.element.center: 307,231
[2025-09-17T22:33:41.517+08:00] will call "beforeInvokeAction" for interface
[2025-09-17T22:33:41.729+08:00] called "beforeInvokeAction" for interface
[2025-09-17T22:33:41.729+08:00] calling action Tap
[2025-09-17T22:33:41.733+08:00] called action Tap
[2025-09-17T22:33:41.733+08:00] will call "afterInvokeAction" for interface
[2025-09-17T22:33:41.733+08:00] called "afterInvokeAction" for interface
[2025-09-17T22:36:15.230+08:00] actionSpace for this interface is: Tap, RightClick, DoubleClick, Hover, Input, KeyboardPress, Scroll, DragAndDrop, LongPress, Swipe
[2025-09-17T22:36:23.449+08:00] will prepend locate param for field action.type=Input param={"bbox":[1038,234,1270,265],"prompt":"账号输入框"} locatePlan={"type":"Locate","locate":{"bbox":[1038,234,1270,265],"prompt":"账号输入框"},"param":{"bbox":[1038,234,1270,265],"prompt":"账号输入框"},"thought":""}
[2025-09-17T22:36:23.583+08:00] update cache, prompt: 账号输入框, xpaths: [ '/html/body/div[2]/div[1]/div[1]/input[1]' ]
[2025-09-17T22:36:23.662+08:00] executing action Input {
  value: 'qlt_test',
  locate: WebElementInfoImpl {
    content: '请输入账号',
    rect: {
      left: 1022,
      top: 234,
      width: 237,
      height: 40,
      zoom: 1,
      isVisible: true
    },
    center: [ 1140, 254 ],
    id: 'jnppp',
    indexId: 8,
    attributes: {
      id: 'txt_userName',
      class: '.empty',
      type: 'text',
      value: '请输入账号',
      maxlength: '32',
      tabindex: '1',
      autocomplete: 'off',
      htmlTagName: '<input>',
      nodeType: 'FORM_ITEM Node'
    },
    xpaths: undefined,
    isVisible: true
  }
} context.element.center: 1140,254
[2025-09-17T22:36:23.788+08:00] will call "beforeInvokeAction" for interface
[2025-09-17T22:36:24.006+08:00] called "beforeInvokeAction" for interface
[2025-09-17T22:36:24.006+08:00] calling action Input
[2025-09-17T22:36:24.859+08:00] called action Input
[2025-09-17T22:36:24.859+08:00] will call "afterInvokeAction" for interface
[2025-09-17T22:36:24.859+08:00] called "afterInvokeAction" for interface
[2025-09-17T22:36:25.050+08:00] actionSpace for this interface is: Tap, RightClick, DoubleClick, Hover, Input, KeyboardPress, Scroll, DragAndDrop, LongPress, Swipe
[2025-09-17T22:36:29.127+08:00] actionSpace for this interface is: Tap, RightClick, DoubleClick, Hover, Input, KeyboardPress, Scroll, DragAndDrop, LongPress, Swipe
[2025-09-17T22:36:33.508+08:00] will prepend locate param for field action.type=Tap param={"bbox":[1034,302,1054,322],"prompt":"密码输入框"} locatePlan={"type":"Locate","locate":{"bbox":[1034,302,1054,322],"prompt":"密码输入框"},"param":{"bbox":[1034,302,1054,322],"prompt":"密码输入框"},"thought":""}
[2025-09-17T22:36:33.807+08:00] update cache, prompt: 密码输入框, xpaths: [ '/html/body/div[2]/div[1]/div[2]/input[1]' ]
[2025-09-17T22:36:33.875+08:00] executing action Tap {
  locate: {
    id: 'igbjj',
    attributes: { nodeType: 'POSITION Node' },
    rect: { left: 1040, top: 308, width: 8, height: 8 },
    content: '',
    center: [ 1044, 312 ]
  }
} context.element.center: 1044,312
[2025-09-17T22:36:34.002+08:00] will call "beforeInvokeAction" for interface
[2025-09-17T22:36:34.206+08:00] called "beforeInvokeAction" for interface
[2025-09-17T22:36:34.206+08:00] calling action Tap
[2025-09-17T22:36:34.209+08:00] called action Tap
[2025-09-17T22:36:34.209+08:00] will call "afterInvokeAction" for interface
[2025-09-17T22:36:34.209+08:00] called "afterInvokeAction" for interface
[2025-09-17T22:36:36.420+08:00] actionSpace for this interface is: Tap, RightClick, DoubleClick, Hover, Input, KeyboardPress, Scroll, DragAndDrop, LongPress, Swipe
[2025-09-17T22:36:41.427+08:00] will prepend locate param for field action.type=Input param={"bbox":[991,287,1270,330],"prompt":"密码输入框"} locatePlan={"type":"Locate","locate":{"bbox":[991,287,1270,330],"prompt":"密码输入框"},"param":{"bbox":[991,287,1270,330],"prompt":"密码输入框"},"thought":""}
[2025-09-17T22:36:41.575+08:00] update cache, prompt: 密码输入框, xpaths: [ '/html/body/div[2]/div[1]/div[2]/input[1]' ]
[2025-09-17T22:36:41.639+08:00] executing action Input {
  value: '',
  locate: WebElementInfoImpl {
    content: '',
    rect: {
      left: 1022,
      top: 296,
      width: 237,
      height: 40,
      zoom: 1,
      isVisible: true
    },
    center: [ 1140, 316 ],
    id: 'gnphb',
    indexId: 10,
    attributes: {
      type: 'password',
      id: 'txt_password',
      maxlength: '32',
      tabindex: '2',
      autocomplete: 'off',
      htmlTagName: '<input>',
      nodeType: 'FORM_ITEM Node'
    },
    xpaths: undefined,
    isVisible: true
  }
} context.element.center: 1140,316
[2025-09-17T22:36:41.768+08:00] will call "beforeInvokeAction" for interface
[2025-09-17T22:36:41.984+08:00] called "beforeInvokeAction" for interface
[2025-09-17T22:36:41.984+08:00] calling action Input
[2025-09-17T22:36:42.092+08:00] called action Input
[2025-09-17T22:36:42.092+08:00] will call "afterInvokeAction" for interface
[2025-09-17T22:36:42.092+08:00] called "afterInvokeAction" for interface
[2025-09-17T22:36:42.320+08:00] actionSpace for this interface is: Tap, RightClick, DoubleClick, Hover, Input, KeyboardPress, Scroll, DragAndDrop, LongPress, Swipe
[2025-09-17T22:36:50.109+08:00] will prepend locate param for field action.type=Input param={"bbox":[990,288,1272,330],"prompt":"The password input field"} locatePlan={"type":"Locate","locate":{"bbox":[990,288,1272,330],"prompt":"The password input field"},"param":{"bbox":[990,288,1272,330],"prompt":"The password input field"},"thought":""}
[2025-09-17T22:36:50.246+08:00] update cache, prompt: The password input field, xpaths: [ '/html/body/div[2]/div[1]/div[2]/input[1]' ]
[2025-09-17T22:36:50.306+08:00] executing action Input {
  value: 'qa123456',
  locate: WebElementInfoImpl {
    content: '',
    rect: {
      left: 1022,
      top: 296,
      width: 237,
      height: 40,
      zoom: 1,
      isVisible: true
    },
    center: [ 1140, 316 ],
    id: 'gnphb',
    indexId: 10,
    attributes: {
      type: 'password',
      id: 'txt_password',
      maxlength: '32',
      tabindex: '2',
      autocomplete: 'off',
      htmlTagName: '<input>',
      nodeType: 'FORM_ITEM Node'
    },
    xpaths: undefined,
    isVisible: true
  }
} context.element.center: 1140,316
[2025-09-17T22:36:50.437+08:00] will call "beforeInvokeAction" for interface
[2025-09-17T22:36:50.655+08:00] called "beforeInvokeAction" for interface
[2025-09-17T22:36:50.655+08:00] calling action Input
[2025-09-17T22:36:51.523+08:00] called action Input
[2025-09-17T22:36:51.523+08:00] will call "afterInvokeAction" for interface
[2025-09-17T22:36:51.523+08:00] called "afterInvokeAction" for interface
[2025-09-17T22:36:51.716+08:00] actionSpace for this interface is: Tap, RightClick, DoubleClick, Hover, Input, KeyboardPress, Scroll, DragAndDrop, LongPress, Swipe
[2025-09-17T22:36:56.353+08:00] will prepend locate param for field action.type=Tap param={"prompt":"点击登录按钮","deepThink":false,"cacheable":true} locatePlan={"type":"Locate","locate":{"prompt":"点击登录按钮","deepThink":false,"cacheable":true},"param":{"prompt":"点击登录按钮","deepThink":false,"cacheable":true},"thought":""}
[2025-09-17T22:37:00.374+08:00] update cache, prompt: 点击登录按钮, xpaths: [ '/html/body/div[2]/div[1]/div[normalize-space()="登 录"]' ]
[2025-09-17T22:37:00.462+08:00] executing action Tap {
  locate: {
    id: 'abghc',
    indexId: 11,
    center: [ 1120, 377 ],
    rect: {
      left: 980,
      top: 357,
      width: 280,
      height: 40,
      zoom: 1,
      isVisible: true
    },
    xpaths: [],
    attributes: {
      id: 'longinSubmit',
      class: '.submit',
      nodeType: 'TEXT Node',
      htmlTagName: '<div>'
    },
    isOrderSensitive: false
  }
} context.element.center: 1120,377
[2025-09-17T22:37:00.587+08:00] will call "beforeInvokeAction" for interface
[2025-09-17T22:37:00.805+08:00] called "beforeInvokeAction" for interface
[2025-09-17T22:37:00.805+08:00] calling action Tap
[2025-09-17T22:37:00.809+08:00] called action Tap
[2025-09-17T22:37:00.809+08:00] will call "afterInvokeAction" for interface
[2025-09-17T22:37:00.809+08:00] called "afterInvokeAction" for interface
[2025-09-17T22:37:00.922+08:00] will prepend locate param for field action.type=Tap param={"prompt":"点击左侧菜单「客户」","deepThink":false,"cacheable":true} locatePlan={"type":"Locate","locate":{"prompt":"点击左侧菜单「客户」","deepThink":false,"cacheable":true},"param":{"prompt":"点击左侧菜单「客户」","deepThink":false,"cacheable":true},"thought":""}
[2025-09-18T10:38:44.191+08:00] actionSpace for this interface is: Tap, RightClick, DoubleClick, Hover, Input, KeyboardPress, Scroll, DragAndDrop, LongPress, Swipe
[2025-09-18T10:38:49.369+08:00] will prepend locate param for field action.type=Input param={"bbox":[1038,234,1270,265],"prompt":"账号输入框"} locatePlan={"type":"Locate","locate":{"bbox":[1038,234,1270,265],"prompt":"账号输入框"},"param":{"bbox":[1038,234,1270,265],"prompt":"账号输入框"},"thought":""}
[2025-09-18T10:38:49.517+08:00] update cache, prompt: 账号输入框, xpaths: [ '/html/body/div[2]/div[1]/div[1]/input[1]' ]
[2025-09-18T10:38:49.601+08:00] executing action Input {
  value: 'qlt_test',
  locate: WebElementInfoImpl {
    content: '请输入账号',
    rect: {
      left: 1022,
      top: 234,
      width: 237,
      height: 40,
      zoom: 1,
      isVisible: true
    },
    center: [ 1140, 254 ],
    id: 'jnppp',
    indexId: 8,
    attributes: {
      id: 'txt_userName',
      class: '.empty',
      type: 'text',
      value: '请输入账号',
      maxlength: '32',
      tabindex: '1',
      autocomplete: 'off',
      htmlTagName: '<input>',
      nodeType: 'FORM_ITEM Node'
    },
    xpaths: undefined,
    isVisible: true
  }
} context.element.center: 1140,254
[2025-09-18T10:38:49.723+08:00] will call "beforeInvokeAction" for interface
[2025-09-18T10:38:49.941+08:00] called "beforeInvokeAction" for interface
[2025-09-18T10:38:49.941+08:00] calling action Input
[2025-09-18T10:38:50.776+08:00] called action Input
[2025-09-18T10:38:50.776+08:00] will call "afterInvokeAction" for interface
[2025-09-18T10:38:50.776+08:00] called "afterInvokeAction" for interface
[2025-09-18T10:38:51.003+08:00] actionSpace for this interface is: Tap, RightClick, DoubleClick, Hover, Input, KeyboardPress, Scroll, DragAndDrop, LongPress, Swipe
[2025-09-18T10:38:54.379+08:00] actionSpace for this interface is: Tap, RightClick, DoubleClick, Hover, Input, KeyboardPress, Scroll, DragAndDrop, LongPress, Swipe
[2025-09-18T10:39:01.154+08:00] will prepend locate param for field action.type=Tap param={"bbox":[1035,298,1055,318],"prompt":"密码输入框"} locatePlan={"type":"Locate","locate":{"bbox":[1035,298,1055,318],"prompt":"密码输入框"},"param":{"bbox":[1035,298,1055,318],"prompt":"密码输入框"},"thought":""}
[2025-09-18T10:39:01.415+08:00] update cache, prompt: 密码输入框, xpaths: [ '/html/body/div[2]/div[1]/div[2]/input[1]' ]
[2025-09-18T10:39:01.495+08:00] executing action Tap {
  locate: {
    id: 'jffan',
    attributes: { nodeType: 'POSITION Node' },
    rect: { left: 1041, top: 304, width: 8, height: 8 },
    content: '',
    center: [ 1045, 308 ]
  }
} context.element.center: 1045,308
[2025-09-18T10:39:01.626+08:00] will call "beforeInvokeAction" for interface
[2025-09-18T10:39:01.838+08:00] called "beforeInvokeAction" for interface
[2025-09-18T10:39:01.838+08:00] calling action Tap
[2025-09-18T10:39:01.842+08:00] called action Tap
[2025-09-18T10:39:01.842+08:00] will call "afterInvokeAction" for interface
[2025-09-18T10:39:01.842+08:00] called "afterInvokeAction" for interface
[2025-09-18T10:39:02.096+08:00] actionSpace for this interface is: Tap, RightClick, DoubleClick, Hover, Input, KeyboardPress, Scroll, DragAndDrop, LongPress, Swipe
[2025-09-18T10:39:09.284+08:00] will prepend locate param for field action.type=Input param={"bbox":[987,288,1270,330],"prompt":"The password input field"} locatePlan={"type":"Locate","locate":{"bbox":[987,288,1270,330],"prompt":"The password input field"},"param":{"bbox":[987,288,1270,330],"prompt":"The password input field"},"thought":""}
[2025-09-18T10:39:09.431+08:00] update cache, prompt: The password input field, xpaths: [ '/html/body/div[2]/div[1]/div[2]/input[1]' ]
[2025-09-18T10:39:09.490+08:00] executing action Input {
  value: 'qa123456',
  locate: WebElementInfoImpl {
    content: '',
    rect: {
      left: 1022,
      top: 296,
      width: 237,
      height: 40,
      zoom: 1,
      isVisible: true
    },
    center: [ 1140, 316 ],
    id: 'gnphb',
    indexId: 10,
    attributes: {
      type: 'password',
      id: 'txt_password',
      maxlength: '32',
      tabindex: '2',
      autocomplete: 'off',
      htmlTagName: '<input>',
      nodeType: 'FORM_ITEM Node'
    },
    xpaths: undefined,
    isVisible: true
  }
} context.element.center: 1140,316
[2025-09-18T10:39:09.629+08:00] will call "beforeInvokeAction" for interface
[2025-09-18T10:39:09.838+08:00] called "beforeInvokeAction" for interface
[2025-09-18T10:39:09.838+08:00] calling action Input
[2025-09-18T10:39:10.721+08:00] called action Input
[2025-09-18T10:39:10.721+08:00] will call "afterInvokeAction" for interface
[2025-09-18T10:39:10.721+08:00] called "afterInvokeAction" for interface
[2025-09-18T10:39:10.823+08:00] will prepend locate param for field action.type=Tap param={"prompt":"点击登录按钮","deepThink":false,"cacheable":true} locatePlan={"type":"Locate","locate":{"prompt":"点击登录按钮","deepThink":false,"cacheable":true},"param":{"prompt":"点击登录按钮","deepThink":false,"cacheable":true},"thought":""}
[2025-09-18T10:39:13.573+08:00] update cache, prompt: 点击登录按钮, xpaths: [ '/html/body/div[2]/div[1]/div[normalize-space()="登 录"]' ]
[2025-09-18T10:39:13.655+08:00] executing action Tap {
  locate: {
    id: 'abghc',
    indexId: 11,
    center: [ 1120, 377 ],
    rect: {
      left: 980,
      top: 357,
      width: 280,
      height: 40,
      zoom: 1,
      isVisible: true
    },
    xpaths: [],
    attributes: {
      id: 'longinSubmit',
      class: '.submit',
      nodeType: 'TEXT Node',
      htmlTagName: '<div>'
    },
    isOrderSensitive: false
  }
} context.element.center: 1120,377
[2025-09-18T10:39:13.791+08:00] will call "beforeInvokeAction" for interface
[2025-09-18T10:39:14.006+08:00] called "beforeInvokeAction" for interface
[2025-09-18T10:39:14.006+08:00] calling action Tap
[2025-09-18T10:39:14.010+08:00] called action Tap
[2025-09-18T10:39:14.010+08:00] will call "afterInvokeAction" for interface
[2025-09-18T10:39:14.010+08:00] called "afterInvokeAction" for interface
[2025-09-18T10:39:14.123+08:00] will prepend locate param for field action.type=Tap param={"prompt":"点击最左侧菜单栏中的「客户」","deepThink":false,"cacheable":true} locatePlan={"type":"Locate","locate":{"prompt":"点击最左侧菜单栏中的「客户」","deepThink":false,"cacheable":true},"param":{"prompt":"点击最左侧菜单栏中的「客户」","deepThink":false,"cacheable":true},"thought":""}
[2025-09-18T10:39:17.949+08:00] update cache, prompt: 点击最左侧菜单栏中的「客户」, xpaths: [ '/html/body/div[1]/div[1]/ul[1]/li[4]/div[1]/i[1]' ]
[2025-09-18T10:39:18.049+08:00] executing action Tap {
  locate: {
    id: 'jmlpb',
    indexId: 2,
    center: [ 19, 125 ],
    rect: {
      left: 11,
      top: 117,
      width: 16,
      height: 16,
      zoom: 1,
      isVisible: true
    },
    xpaths: [],
    attributes: {
      class: '.yb-menu-icon.yb-menu-icon--kehu',
      nodeType: 'IMG Node',
      htmlTagName: '<i>'
    },
    isOrderSensitive: false
  }
} context.element.center: 19,125
[2025-09-18T10:39:18.210+08:00] will call "beforeInvokeAction" for interface
[2025-09-18T10:39:18.422+08:00] called "beforeInvokeAction" for interface
[2025-09-18T10:39:18.422+08:00] calling action Tap
[2025-09-18T10:39:18.428+08:00] called action Tap
[2025-09-18T10:39:18.428+08:00] will call "afterInvokeAction" for interface
[2025-09-18T10:39:18.428+08:00] called "afterInvokeAction" for interface
[2025-09-18T10:39:18.553+08:00] will prepend locate param for field action.type=Tap param={"prompt":"点击「人群圈选」","deepThink":false,"cacheable":true} locatePlan={"type":"Locate","locate":{"prompt":"点击「人群圈选」","deepThink":false,"cacheable":true},"param":{"prompt":"点击「人群圈选」","deepThink":false,"cacheable":true},"thought":""}
[2025-09-18T10:39:21.499+08:00] update cache, prompt: 点击「人群圈选」, xpaths: [
  '/html/body/div[1]/div[1]/ul[3]/div[1]/div[1]/div[1]/li[1]/ul[1]/li[1]/a[normalize-space()="人群圈选"]'
]
[2025-09-18T10:39:21.602+08:00] executing action Tap {
  locate: {
    id: 'jooem',
    indexId: undefined,
    center: [ 133, 106.5 ],
    rect: { left: 129, top: 102.5, width: 8, height: 8 },
    xpaths: [],
    attributes: { nodeType: 'POSITION Node' },
    isOrderSensitive: false
  }
} context.element.center: 133,106.5
[2025-09-18T10:39:21.757+08:00] will call "beforeInvokeAction" for interface
[2025-09-18T10:39:21.971+08:00] called "beforeInvokeAction" for interface
[2025-09-18T10:39:21.971+08:00] calling action Tap
[2025-09-18T10:39:21.976+08:00] called action Tap
[2025-09-18T10:39:21.976+08:00] will call "afterInvokeAction" for interface
[2025-09-18T10:39:21.976+08:00] called "afterInvokeAction" for interface
[2025-09-18T10:39:26.024+08:00] will prepend locate param for field action.type=Tap param={"prompt":"点击「新建人群」按钮","deepThink":false,"cacheable":true} locatePlan={"type":"Locate","locate":{"prompt":"点击「新建人群」按钮","deepThink":false,"cacheable":true},"param":{"prompt":"点击「新建人群」按钮","deepThink":false,"cacheable":true},"thought":""}
[2025-09-18T10:39:28.344+08:00] update cache, prompt: 点击「新建人群」按钮, xpaths: [
  '/html/body/div[1]/div[2]/div[2]/div[1]/div[1]/div[1]/div[1]/div[1]/div[1]/div[1]/div[1]/div[2]/div[1]/div[normalize-space()="新建人群"]'
]
[2025-09-18T10:39:28.433+08:00] executing action Tap {
  locate: {
    id: 'hpnnk',
    indexId: 27,
    center: [ 238, 145 ],
    rect: {
      left: 202,
      top: 130,
      width: 72,
      height: 30,
      zoom: 1,
      isVisible: true
    },
    xpaths: [],
    attributes: {
      id: 'btnAddNew',
      class: '.btnNewBlue.fl',
      style: 'height: 30px;line-height: 30px;',
      nodeType: 'TEXT Node',
      htmlTagName: '<div>'
    },
    isOrderSensitive: false
  }
} context.element.center: 238,145
[2025-09-18T10:39:28.596+08:00] will call "beforeInvokeAction" for interface
[2025-09-18T10:39:28.804+08:00] called "beforeInvokeAction" for interface
[2025-09-18T10:39:28.804+08:00] calling action Tap
[2025-09-18T10:39:28.809+08:00] called action Tap
[2025-09-18T10:39:28.809+08:00] will call "afterInvokeAction" for interface
[2025-09-18T10:39:28.809+08:00] called "afterInvokeAction" for interface
[2025-09-18T10:39:30.557+08:00] will prepend locate param for field action.type=Tap param={"prompt":"点击「会员年龄」","deepThink":false,"cacheable":true} locatePlan={"type":"Locate","locate":{"prompt":"点击「会员年龄」","deepThink":false,"cacheable":true},"param":{"prompt":"点击「会员年龄」","deepThink":false,"cacheable":true},"thought":""}
[2025-09-18T10:39:34.161+08:00] update cache, prompt: 点击「会员年龄」, xpaths: [
  '/html/body/div[1]/div[2]/div[2]/div[1]/div[1]/div[2]/div[4]/div[1]/div[1]/section[1]/div[1]/div[1]/div[3]/div[normalize-space()="会员年龄"]'
]
[2025-09-18T10:39:34.249+08:00] executing action Tap {
  locate: {
    id: 'mkeak',
    indexId: 26,
    center: [ 672, 296 ],
    rect: {
      left: 648,
      top: 287,
      width: 48,
      height: 18,
      zoom: 1,
      isVisible: true
    },
    xpaths: [],
    attributes: { nodeType: 'TEXT Node', htmlTagName: '<div>' },
    isOrderSensitive: false
  }
} context.element.center: 672,296
[2025-09-18T10:39:34.396+08:00] will call "beforeInvokeAction" for interface
[2025-09-18T10:39:34.611+08:00] called "beforeInvokeAction" for interface
[2025-09-18T10:39:34.611+08:00] calling action Tap
[2025-09-18T10:39:34.614+08:00] called action Tap
[2025-09-18T10:39:34.614+08:00] will call "afterInvokeAction" for interface
[2025-09-18T10:39:34.614+08:00] called "afterInvokeAction" for interface
[2025-09-18T10:39:34.899+08:00] actionSpace for this interface is: Tap, RightClick, DoubleClick, Hover, Input, KeyboardPress, Scroll, DragAndDrop, LongPress, Swipe
[2025-09-18T10:39:39.557+08:00] will prepend locate param for field action.type=Input param={"bbox":[879,125,1024,163],"prompt":"大于输入框"} locatePlan={"type":"Locate","locate":{"bbox":[879,125,1024,163],"prompt":"大于输入框"},"param":{"bbox":[879,125,1024,163],"prompt":"大于输入框"},"thought":""}
[2025-09-18T10:39:39.729+08:00] update cache, prompt: 大于输入框, xpaths: [
  '/html/body/div[1]/div[2]/div[2]/div[1]/div[1]/div[2]/div[4]/div[1]/div[1]/section[1]/div[1]/div[2]/div[1]/section[1]/div[1]/div[1]/div[1]/div[1]/div[2]/div[1]/input[1]'
]
[2025-09-18T10:39:39.815+08:00] executing action Input {
  value: '20',
  locate: WebElementInfoImpl {
    content: '0',
    rect: {
      left: 869,
      top: 127,
      width: 150,
      height: 40,
      zoom: 1,
      isVisible: true
    },
    center: [ 944, 147 ],
    id: 'digee',
    indexId: 35,
    attributes: {
      type: 'number',
      autocomplete: 'off',
      class: '.el-input__inner',
      htmlTagName: '<input>',
      nodeType: 'FORM_ITEM Node'
    },
    xpaths: undefined,
    isVisible: true
  }
} context.element.center: 944,147
[2025-09-18T10:39:39.965+08:00] will call "beforeInvokeAction" for interface
[2025-09-18T10:39:40.188+08:00] called "beforeInvokeAction" for interface
[2025-09-18T10:39:40.188+08:00] calling action Input
[2025-09-18T10:39:40.495+08:00] called action Input
[2025-09-18T10:39:40.495+08:00] will call "afterInvokeAction" for interface
[2025-09-18T10:39:40.495+08:00] called "afterInvokeAction" for interface
[2025-09-18T10:39:40.749+08:00] actionSpace for this interface is: Tap, RightClick, DoubleClick, Hover, Input, KeyboardPress, Scroll, DragAndDrop, LongPress, Swipe
[2025-09-18T10:39:44.278+08:00] actionSpace for this interface is: Tap, RightClick, DoubleClick, Hover, Input, KeyboardPress, Scroll, DragAndDrop, LongPress, Swipe
[2025-09-18T10:39:48.208+08:00] will prepend locate param for field action.type=Input param={"bbox":[1107,126,1259,163],"prompt":"小于等于的年龄输入框"} locatePlan={"type":"Locate","locate":{"bbox":[1107,126,1259,163],"prompt":"小于等于的年龄输入框"},"param":{"bbox":[1107,126,1259,163],"prompt":"小于等于的年龄输入框"},"thought":""}
[2025-09-18T10:39:48.375+08:00] update cache, prompt: 小于等于的年龄输入框, xpaths: [
  '/html/body/div[1]/div[2]/div[2]/div[1]/div[1]/div[2]/div[4]/div[1]/div[1]/section[1]/div[1]/div[2]/div[1]/section[1]/div[1]/div[1]/div[1]/div[1]/div[4]/div[1]/input[1]'
]
[2025-09-18T10:39:48.450+08:00] executing action Input {
  value: '40',
  locate: WebElementInfoImpl {
    content: '18',
    rect: {
      left: 1098,
      top: 127,
      width: 150,
      height: 40,
      zoom: 1,
      isVisible: true
    },
    center: [ 1173, 147 ],
    id: 'dfnho',
    indexId: 37,
    attributes: {
      type: 'number',
      autocomplete: 'off',
      class: '.el-input__inner',
      htmlTagName: '<input>',
      nodeType: 'FORM_ITEM Node'
    },
    xpaths: undefined,
    isVisible: true
  }
} context.element.center: 1173,147
[2025-09-18T10:39:48.601+08:00] will call "beforeInvokeAction" for interface
[2025-09-18T10:39:48.808+08:00] called "beforeInvokeAction" for interface
[2025-09-18T10:39:48.808+08:00] calling action Input
[2025-09-18T10:39:49.140+08:00] called action Input
[2025-09-18T10:39:49.140+08:00] will call "afterInvokeAction" for interface
[2025-09-18T10:39:49.140+08:00] called "afterInvokeAction" for interface
[2025-09-18T10:39:49.384+08:00] actionSpace for this interface is: Tap, RightClick, DoubleClick, Hover, Input, KeyboardPress, Scroll, DragAndDrop, LongPress, Swipe
[2025-09-18T10:39:52.699+08:00] actionSpace for this interface is: Tap, RightClick, DoubleClick, Hover, Input, KeyboardPress, Scroll, DragAndDrop, LongPress, Swipe
[2025-09-18T10:39:59.602+08:00] will prepend locate param for field action.type=Input param={"bbox":[902,630,1164,665],"prompt":"人群命名输入框"} locatePlan={"type":"Locate","locate":{"bbox":[902,630,1164,665],"prompt":"人群命名输入框"},"param":{"bbox":[902,630,1164,665],"prompt":"人群命名输入框"},"thought":""}
[2025-09-18T10:39:59.955+08:00] update cache, prompt: 人群命名输入框, xpaths: [
  '/html/body/div[1]/div[2]/div[2]/div[1]/div[1]/div[2]/div[4]/div[1]/div[1]/section[1]/div[1]/div[2]/div[2]/div[1]/div[1]/input[1]'
]
[2025-09-18T10:40:00.032+08:00] executing action Input {
  value: '自动创建人群1',
  locate: {
    id: 'hmaee',
    attributes: { nodeType: 'POSITION Node' },
    rect: { left: 1029, top: 643, width: 8, height: 8 },
    content: '',
    center: [ 1033, 647 ]
  }
} context.element.center: 1033,647
[2025-09-18T10:40:00.181+08:00] will call "beforeInvokeAction" for interface
[2025-09-18T10:40:00.404+08:00] called "beforeInvokeAction" for interface
[2025-09-18T10:40:00.404+08:00] calling action Input
[2025-09-18T10:40:01.185+08:00] called action Input
[2025-09-18T10:40:01.185+08:00] will call "afterInvokeAction" for interface
[2025-09-18T10:40:01.185+08:00] called "afterInvokeAction" for interface
[2025-09-18T10:40:01.483+08:00] actionSpace for this interface is: Tap, RightClick, DoubleClick, Hover, Input, KeyboardPress, Scroll, DragAndDrop, LongPress, Swipe
[2025-09-18T10:40:07.182+08:00] will prepend locate param for field action.type=Input param={"bbox":[1208,627,1413,665],"prompt":"The 备注 input box"} locatePlan={"type":"Locate","locate":{"bbox":[1208,627,1413,665],"prompt":"The 备注 input box"},"param":{"bbox":[1208,627,1413,665],"prompt":"The 备注 input box"},"thought":""}
[2025-09-18T10:40:07.530+08:00] update cache, prompt: The 备注 input box, xpaths: [
  '/html/body/div[1]/div[2]/div[2]/div[1]/div[1]/div[2]/div[4]/div[1]/div[1]/section[1]/div[1]/div[2]/div[2]/div[1]/div[2]/div[1]/input[1]'
]
[2025-09-18T10:40:07.599+08:00] executing action Input {
  value: 'auto-1',
  locate: {
    id: 'khlcl',
    attributes: { nodeType: 'POSITION Node' },
    rect: { left: 1306, top: 642, width: 8, height: 8 },
    content: '',
    center: [ 1310, 646 ]
  }
} context.element.center: 1310,646
[2025-09-18T10:40:07.750+08:00] will call "beforeInvokeAction" for interface
[2025-09-18T10:40:07.956+08:00] called "beforeInvokeAction" for interface
[2025-09-18T10:40:07.956+08:00] calling action Input
[2025-09-18T10:40:08.639+08:00] called action Input
[2025-09-18T10:40:08.639+08:00] will call "afterInvokeAction" for interface
[2025-09-18T10:40:08.639+08:00] called "afterInvokeAction" for interface
[2025-09-18T10:40:08.798+08:00] will prepend locate param for field action.type=Tap param={"prompt":"点击「保存人群」按钮","deepThink":false,"cacheable":true} locatePlan={"type":"Locate","locate":{"prompt":"点击「保存人群」按钮","deepThink":false,"cacheable":true},"param":{"prompt":"点击「保存人群」按钮","deepThink":false,"cacheable":true},"thought":""}
[2025-09-18T10:40:11.203+08:00] update cache, prompt: 点击「保存人群」按钮, xpaths: [
  '/html/body/div[1]/div[2]/div[2]/div[1]/div[1]/div[2]/div[4]/div[1]/div[1]/section[1]/div[2]/div[normalize-space()="保存人群"]'
]
[2025-09-18T10:40:11.289+08:00] executing action Tap {
  locate: {
    id: 'aikdo',
    indexId: undefined,
    center: [ 1350, 724 ],
    rect: { left: 1346, top: 720, width: 8, height: 8 },
    xpaths: [],
    attributes: { nodeType: 'POSITION Node' },
    isOrderSensitive: false
  }
} context.element.center: 1350,724
[2025-09-18T10:40:11.445+08:00] will call "beforeInvokeAction" for interface
[2025-09-18T10:40:11.653+08:00] called "beforeInvokeAction" for interface
[2025-09-18T10:40:11.653+08:00] calling action Tap
[2025-09-18T10:40:11.657+08:00] called action Tap
[2025-09-18T10:40:11.657+08:00] will call "afterInvokeAction" for interface
[2025-09-18T10:40:11.657+08:00] called "afterInvokeAction" for interface
[2025-09-18T10:40:12.842+08:00] will prepend locate param for field action.type=Tap param={"prompt":"在列表选择「自动创建人群1」","deepThink":false,"cacheable":true} locatePlan={"type":"Locate","locate":{"prompt":"在列表选择「自动创建人群1」","deepThink":false,"cacheable":true},"param":{"prompt":"在列表选择「自动创建人群1」","deepThink":false,"cacheable":true},"thought":""}
[2025-09-18T10:40:15.543+08:00] update cache, prompt: 在列表选择「自动创建人群1」, xpaths: [ '/html/body/div[1]/div[2]/div[2]/div[1]/div[4]' ]
[2025-09-18T10:40:15.630+08:00] executing action Tap {
  locate: {
    id: 'dnlhb',
    indexId: undefined,
    center: [ 1032, 645.5 ],
    rect: { left: 1028, top: 641.5, width: 8, height: 8 },
    xpaths: [],
    attributes: { nodeType: 'POSITION Node' },
    isOrderSensitive: false
  }
} context.element.center: 1032,645.5
[2025-09-18T10:40:15.790+08:00] will call "beforeInvokeAction" for interface
[2025-09-18T10:40:16.120+08:00] called "beforeInvokeAction" for interface
[2025-09-18T10:40:16.120+08:00] calling action Tap
[2025-09-18T10:40:16.124+08:00] called action Tap
[2025-09-18T10:40:16.124+08:00] will call "afterInvokeAction" for interface
[2025-09-18T10:40:16.124+08:00] called "afterInvokeAction" for interface
[2025-09-18T10:40:16.261+08:00] will prepend locate param for field action.type=Tap param={"prompt":"点击「删除」操作","deepThink":false,"cacheable":true} locatePlan={"type":"Locate","locate":{"prompt":"点击「删除」操作","deepThink":false,"cacheable":true},"param":{"prompt":"点击「删除」操作","deepThink":false,"cacheable":true},"thought":""}
[2025-09-18T10:40:19.879+08:00] update cache, prompt: 点击「删除」操作, xpaths: [
  '/html/body/div[1]/div[2]/div[2]/div[1]/div[1]/div[1]/div[1]/div[1]/div[1]/div[1]/div[1]/div[2]/div[2]/div[1]/div[1]/div[1]/table[1]/tbody[1]/tr[1]/td[7]/span[normalize-space()="删除"]'
]
[2025-09-18T10:40:19.967+08:00] executing action Tap {
  locate: {
    id: 'lapap',
    indexId: 47,
    center: [ 1212, 255 ],
    rect: {
      left: 1198,
      top: 248,
      width: 28,
      height: 14,
      zoom: 1,
      isVisible: true
    },
    xpaths: [],
    attributes: {
      class: '.operation2.btnDelete',
      nodeType: 'TEXT Node',
      htmlTagName: '<span>'
    },
    isOrderSensitive: false
  }
} context.element.center: 1212,255
[2025-09-18T10:40:20.125+08:00] will call "beforeInvokeAction" for interface
[2025-09-18T10:40:20.339+08:00] called "beforeInvokeAction" for interface
[2025-09-18T10:40:20.339+08:00] calling action Tap
[2025-09-18T10:40:20.347+08:00] called action Tap
[2025-09-18T10:40:20.347+08:00] will call "afterInvokeAction" for interface
[2025-09-18T10:40:20.347+08:00] called "afterInvokeAction" for interface
[2025-09-18T10:40:23.076+08:00] will prepend locate param for field action.type=Tap param={"prompt":"若未出现弹窗则重试点击删除","deepThink":false,"cacheable":true} locatePlan={"type":"Locate","locate":{"prompt":"若未出现弹窗则重试点击删除","deepThink":false,"cacheable":true},"param":{"prompt":"若未出现弹窗则重试点击删除","deepThink":false,"cacheable":true},"thought":""}
[2025-09-18T10:40:25.659+08:00] update cache, prompt: 若未出现弹窗则重试点击删除, xpaths: [ '/html/body/div[3]/div[2]/div[normalize-space()="确认要删除吗？"]' ]
[2025-09-18T10:40:25.744+08:00] executing action Tap {
  locate: {
    id: 'higcd',
    indexId: undefined,
    center: [ 728, 375 ],
    rect: { left: 724, top: 371, width: 8, height: 8 },
    xpaths: [],
    attributes: { nodeType: 'POSITION Node' },
    isOrderSensitive: false
  }
} context.element.center: 728,375
[2025-09-18T10:40:25.883+08:00] will call "beforeInvokeAction" for interface
[2025-09-18T10:40:26.090+08:00] called "beforeInvokeAction" for interface
[2025-09-18T10:40:26.090+08:00] calling action Tap
[2025-09-18T10:40:26.094+08:00] called action Tap
[2025-09-18T10:40:26.094+08:00] will call "afterInvokeAction" for interface
[2025-09-18T10:40:26.094+08:00] called "afterInvokeAction" for interface
[2025-09-18T10:40:26.237+08:00] will prepend locate param for field action.type=Tap param={"prompt":"在弹窗点击「确定」","deepThink":false,"cacheable":true} locatePlan={"type":"Locate","locate":{"prompt":"在弹窗点击「确定」","deepThink":false,"cacheable":true},"param":{"prompt":"在弹窗点击「确定」","deepThink":false,"cacheable":true},"thought":""}
[2025-09-18T10:40:30.482+08:00] update cache, prompt: 在弹窗点击「确定」, xpaths: [ '/html/body/div[3]/div[3]/div[normalize-space()="确定"]' ]
[2025-09-18T10:40:30.563+08:00] executing action Tap {
  locate: {
    id: 'ejoob',
    indexId: 4,
    center: [ 757, 479 ],
    rect: {
      left: 716,
      top: 464,
      width: 82,
      height: 30,
      zoom: 1,
      isVisible: true
    },
    xpaths: [],
    attributes: {
      class: '.popupBtn.popupBtnSure',
      style: 'width:60px;',
      nodeType: 'TEXT Node',
      htmlTagName: '<div>'
    },
    isOrderSensitive: false
  }
} context.element.center: 757,479
[2025-09-18T10:40:30.731+08:00] will call "beforeInvokeAction" for interface
[2025-09-18T10:40:30.937+08:00] called "beforeInvokeAction" for interface
[2025-09-18T10:40:30.937+08:00] calling action Tap
[2025-09-18T10:40:30.941+08:00] called action Tap
[2025-09-18T10:40:30.941+08:00] will call "afterInvokeAction" for interface
[2025-09-18T10:40:30.941+08:00] called "afterInvokeAction" for interface
