[2025-09-17T22:25:29.345+08:00] Getting interface description
[2025-09-17T22:25:29.345+08:00] Interface description end
[2025-09-17T22:25:29.345+08:00] Uploading test info to server
[2025-09-17T22:25:29.390+08:00] UploadTestInfoToServer end
[2025-09-17T22:25:29.446+08:00] size: 1440x768 dpr: 1
[2025-09-17T22:25:37.164+08:00] Getting interface description
[2025-09-17T22:25:37.164+08:00] Interface description end
[2025-09-17T22:25:37.164+08:00] Uploading test info to server
[2025-09-17T22:25:37.209+08:00] UploadTestInfoToServer end
[2025-09-17T22:25:37.270+08:00] size: 1440x768 dpr: 1
[2025-09-17T22:25:37.297+08:00] Getting interface description
[2025-09-17T22:25:37.297+08:00] Interface description end
[2025-09-17T22:25:37.297+08:00] Uploading test info to server
[2025-09-17T22:25:37.341+08:00] UploadTestInfoToServer end
[2025-09-17T22:25:37.398+08:00] size: 1440x768 dpr: 1
[2025-09-17T22:25:37.480+08:00] Getting interface description
[2025-09-17T22:25:37.480+08:00] Interface description end
[2025-09-17T22:25:37.480+08:00] Uploading test info to server
[2025-09-17T22:25:37.524+08:00] UploadTestInfoToServer end
[2025-09-17T22:25:37.587+08:00] size: 1440x768 dpr: 1
[2025-09-17T22:25:38.365+08:00] Getting interface description
[2025-09-17T22:25:38.365+08:00] Interface description end
[2025-09-17T22:25:38.365+08:00] Uploading test info to server
[2025-09-17T22:25:38.409+08:00] UploadTestInfoToServer end
[2025-09-17T22:25:38.475+08:00] size: 1440x768 dpr: 1
[2025-09-17T22:25:44.768+08:00] Getting interface description
[2025-09-17T22:25:44.768+08:00] Interface description end
[2025-09-17T22:25:44.768+08:00] Uploading test info to server
[2025-09-17T22:25:44.811+08:00] UploadTestInfoToServer end
[2025-09-17T22:25:44.859+08:00] size: 1440x768 dpr: 1
[2025-09-17T22:25:48.532+08:00] Getting interface description
[2025-09-17T22:25:48.532+08:00] Interface description end
[2025-09-17T22:25:48.533+08:00] Uploading test info to server
[2025-09-17T22:25:48.577+08:00] UploadTestInfoToServer end
[2025-09-17T22:25:48.624+08:00] size: 1440x768 dpr: 1
[2025-09-17T22:25:48.662+08:00] Getting interface description
[2025-09-17T22:25:48.662+08:00] Interface description end
[2025-09-17T22:25:48.662+08:00] Uploading test info to server
[2025-09-17T22:25:48.706+08:00] UploadTestInfoToServer end
[2025-09-17T22:25:48.769+08:00] size: 1440x768 dpr: 1
[2025-09-17T22:28:26.617+08:00] Getting interface description
[2025-09-17T22:28:26.617+08:00] Interface description end
[2025-09-17T22:28:26.617+08:00] Uploading test info to server
[2025-09-17T22:28:26.666+08:00] UploadTestInfoToServer end
[2025-09-17T22:28:26.733+08:00] size: 1440x768 dpr: 1
[2025-09-17T22:33:29.061+08:00] Getting interface description
[2025-09-17T22:33:29.061+08:00] Interface description end
[2025-09-17T22:33:29.061+08:00] Uploading test info to server
[2025-09-17T22:33:29.107+08:00] UploadTestInfoToServer end
[2025-09-17T22:33:29.217+08:00] size: 1425x768 dpr: 1
[2025-09-17T22:33:35.111+08:00] Getting interface description
[2025-09-17T22:33:35.111+08:00] Interface description end
[2025-09-17T22:33:35.111+08:00] Uploading test info to server
[2025-09-17T22:33:35.160+08:00] UploadTestInfoToServer end
[2025-09-17T22:33:35.241+08:00] size: 1425x768 dpr: 1
[2025-09-17T22:33:35.359+08:00] Getting interface description
[2025-09-17T22:33:35.359+08:00] Interface description end
[2025-09-17T22:33:35.359+08:00] Uploading test info to server
[2025-09-17T22:33:35.406+08:00] UploadTestInfoToServer end
[2025-09-17T22:33:35.479+08:00] size: 1425x768 dpr: 1
[2025-09-17T22:33:36.297+08:00] Getting interface description
[2025-09-17T22:33:36.297+08:00] Interface description end
[2025-09-17T22:33:36.297+08:00] Uploading test info to server
[2025-09-17T22:33:36.352+08:00] UploadTestInfoToServer end
[2025-09-17T22:33:36.440+08:00] size: 1425x768 dpr: 1
[2025-09-17T22:33:41.151+08:00] Getting interface description
[2025-09-17T22:33:41.151+08:00] Interface description end
[2025-09-17T22:33:41.151+08:00] Uploading test info to server
[2025-09-17T22:33:41.194+08:00] UploadTestInfoToServer end
[2025-09-17T22:33:41.268+08:00] size: 1425x768 dpr: 1
[2025-09-17T22:33:41.371+08:00] Getting interface description
[2025-09-17T22:33:41.371+08:00] Interface description end
[2025-09-17T22:33:41.371+08:00] Uploading test info to server
[2025-09-17T22:33:41.417+08:00] UploadTestInfoToServer end
[2025-09-17T22:33:41.489+08:00] size: 1425x768 dpr: 1
[2025-09-17T22:33:45.272+08:00] Getting interface description
[2025-09-17T22:33:45.272+08:00] Interface description end
[2025-09-17T22:33:45.272+08:00] Uploading test info to server
[2025-09-17T22:33:45.318+08:00] UploadTestInfoToServer end
[2025-09-17T22:33:45.381+08:00] size: 1425x768 dpr: 1
[2025-09-17T22:33:45.421+08:00] Getting interface description
[2025-09-17T22:33:45.421+08:00] Interface description end
[2025-09-17T22:33:45.421+08:00] Uploading test info to server
[2025-09-17T22:33:45.466+08:00] UploadTestInfoToServer end
[2025-09-17T22:33:45.547+08:00] size: 1425x768 dpr: 1
[2025-09-17T22:36:14.881+08:00] Getting interface description
[2025-09-17T22:36:14.881+08:00] Interface description end
[2025-09-17T22:36:14.881+08:00] Uploading test info to server
[2025-09-17T22:36:14.928+08:00] UploadTestInfoToServer end
[2025-09-17T22:36:15.210+08:00] size: 1440x768 dpr: 1
[2025-09-17T22:36:23.450+08:00] Getting interface description
[2025-09-17T22:36:23.450+08:00] Interface description end
[2025-09-17T22:36:23.450+08:00] Uploading test info to server
[2025-09-17T22:36:23.495+08:00] UploadTestInfoToServer end
[2025-09-17T22:36:23.563+08:00] size: 1440x768 dpr: 1
[2025-09-17T22:36:23.662+08:00] Getting interface description
[2025-09-17T22:36:23.662+08:00] Interface description end
[2025-09-17T22:36:23.662+08:00] Uploading test info to server
[2025-09-17T22:36:23.715+08:00] UploadTestInfoToServer end
[2025-09-17T22:36:23.774+08:00] size: 1440x768 dpr: 1
[2025-09-17T22:36:24.925+08:00] Getting interface description
[2025-09-17T22:36:24.925+08:00] Interface description end
[2025-09-17T22:36:24.925+08:00] Uploading test info to server
[2025-09-17T22:36:24.970+08:00] UploadTestInfoToServer end
[2025-09-17T22:36:25.039+08:00] size: 1440x768 dpr: 1
[2025-09-17T22:36:28.988+08:00] Getting interface description
[2025-09-17T22:36:28.988+08:00] Interface description end
[2025-09-17T22:36:28.988+08:00] Uploading test info to server
[2025-09-17T22:36:29.032+08:00] UploadTestInfoToServer end
[2025-09-17T22:36:29.111+08:00] size: 1440x768 dpr: 1
[2025-09-17T22:36:33.508+08:00] Getting interface description
[2025-09-17T22:36:33.508+08:00] Interface description end
[2025-09-17T22:36:33.508+08:00] Uploading test info to server
[2025-09-17T22:36:33.552+08:00] UploadTestInfoToServer end
[2025-09-17T22:36:33.627+08:00] size: 1440x768 dpr: 1
[2025-09-17T22:36:33.662+08:00] Getting interface description
[2025-09-17T22:36:33.662+08:00] Interface description end
[2025-09-17T22:36:33.662+08:00] Uploading test info to server
[2025-09-17T22:36:33.711+08:00] UploadTestInfoToServer end
[2025-09-17T22:36:33.790+08:00] size: 1440x768 dpr: 1
[2025-09-17T22:36:33.875+08:00] Getting interface description
[2025-09-17T22:36:33.875+08:00] Interface description end
[2025-09-17T22:36:33.875+08:00] Uploading test info to server
[2025-09-17T22:36:33.919+08:00] UploadTestInfoToServer end
[2025-09-17T22:36:33.991+08:00] size: 1440x768 dpr: 1
[2025-09-17T22:36:36.293+08:00] Getting interface description
[2025-09-17T22:36:36.293+08:00] Interface description end
[2025-09-17T22:36:36.293+08:00] Uploading test info to server
[2025-09-17T22:36:36.342+08:00] UploadTestInfoToServer end
[2025-09-17T22:36:36.408+08:00] size: 1440x768 dpr: 1
[2025-09-17T22:36:41.427+08:00] Getting interface description
[2025-09-17T22:36:41.427+08:00] Interface description end
[2025-09-17T22:36:41.427+08:00] Uploading test info to server
[2025-09-17T22:36:41.472+08:00] UploadTestInfoToServer end
[2025-09-17T22:36:41.553+08:00] size: 1440x768 dpr: 1
[2025-09-17T22:36:41.639+08:00] Getting interface description
[2025-09-17T22:36:41.639+08:00] Interface description end
[2025-09-17T22:36:41.639+08:00] Uploading test info to server
[2025-09-17T22:36:41.688+08:00] UploadTestInfoToServer end
[2025-09-17T22:36:41.756+08:00] size: 1440x768 dpr: 1
[2025-09-17T22:36:42.192+08:00] Getting interface description
[2025-09-17T22:36:42.192+08:00] Interface description end
[2025-09-17T22:36:42.192+08:00] Uploading test info to server
[2025-09-17T22:36:42.237+08:00] UploadTestInfoToServer end
[2025-09-17T22:36:42.306+08:00] size: 1440x768 dpr: 1
[2025-09-17T22:36:50.109+08:00] Getting interface description
[2025-09-17T22:36:50.109+08:00] Interface description end
[2025-09-17T22:36:50.109+08:00] Uploading test info to server
[2025-09-17T22:36:50.153+08:00] UploadTestInfoToServer end
[2025-09-17T22:36:50.229+08:00] size: 1440x768 dpr: 1
[2025-09-17T22:36:50.306+08:00] Getting interface description
[2025-09-17T22:36:50.306+08:00] Interface description end
[2025-09-17T22:36:50.306+08:00] Uploading test info to server
[2025-09-17T22:36:50.352+08:00] UploadTestInfoToServer end
[2025-09-17T22:36:50.423+08:00] size: 1440x768 dpr: 1
[2025-09-17T22:36:51.589+08:00] Getting interface description
[2025-09-17T22:36:51.589+08:00] Interface description end
[2025-09-17T22:36:51.589+08:00] Uploading test info to server
[2025-09-17T22:36:51.640+08:00] UploadTestInfoToServer end
[2025-09-17T22:36:51.705+08:00] size: 1440x768 dpr: 1
[2025-09-17T22:36:56.353+08:00] Getting interface description
[2025-09-17T22:36:56.353+08:00] Interface description end
[2025-09-17T22:36:56.353+08:00] Uploading test info to server
[2025-09-17T22:36:56.397+08:00] UploadTestInfoToServer end
[2025-09-17T22:36:56.477+08:00] size: 1440x768 dpr: 1
[2025-09-17T22:37:00.462+08:00] Getting interface description
[2025-09-17T22:37:00.462+08:00] Interface description end
[2025-09-17T22:37:00.462+08:00] Uploading test info to server
[2025-09-17T22:37:00.511+08:00] UploadTestInfoToServer end
[2025-09-17T22:37:00.572+08:00] size: 1440x768 dpr: 1
[2025-09-17T22:37:00.923+08:00] Getting interface description
[2025-09-17T22:37:00.923+08:00] Interface description end
[2025-09-17T22:37:00.923+08:00] Uploading test info to server
[2025-09-17T22:37:00.965+08:00] UploadTestInfoToServer end
[2025-09-17T22:37:01.042+08:00] size: 1440x768 dpr: 1
[2025-09-18T10:38:44.031+08:00] Getting interface description
[2025-09-18T10:38:44.031+08:00] Interface description end
[2025-09-18T10:38:44.031+08:00] Uploading test info to server
[2025-09-18T10:38:44.077+08:00] UploadTestInfoToServer end
[2025-09-18T10:38:44.171+08:00] size: 1440x768 dpr: 1
[2025-09-18T10:38:49.370+08:00] Getting interface description
[2025-09-18T10:38:49.370+08:00] Interface description end
[2025-09-18T10:38:49.370+08:00] Uploading test info to server
[2025-09-18T10:38:49.416+08:00] UploadTestInfoToServer end
[2025-09-18T10:38:49.500+08:00] size: 1440x768 dpr: 1
[2025-09-18T10:38:49.601+08:00] Getting interface description
[2025-09-18T10:38:49.601+08:00] Interface description end
[2025-09-18T10:38:49.601+08:00] Uploading test info to server
[2025-09-18T10:38:49.648+08:00] UploadTestInfoToServer end
[2025-09-18T10:38:49.713+08:00] size: 1440x768 dpr: 1
[2025-09-18T10:38:50.848+08:00] Getting interface description
[2025-09-18T10:38:50.848+08:00] Interface description end
[2025-09-18T10:38:50.848+08:00] Uploading test info to server
[2025-09-18T10:38:50.904+08:00] UploadTestInfoToServer end
[2025-09-18T10:38:50.991+08:00] size: 1440x768 dpr: 1
[2025-09-18T10:38:54.244+08:00] Getting interface description
[2025-09-18T10:38:54.244+08:00] Interface description end
[2025-09-18T10:38:54.244+08:00] Uploading test info to server
[2025-09-18T10:38:54.285+08:00] UploadTestInfoToServer end
[2025-09-18T10:38:54.364+08:00] size: 1440x768 dpr: 1
[2025-09-18T10:39:01.154+08:00] Getting interface description
[2025-09-18T10:39:01.154+08:00] Interface description end
[2025-09-18T10:39:01.154+08:00] Uploading test info to server
[2025-09-18T10:39:01.198+08:00] UploadTestInfoToServer end
[2025-09-18T10:39:01.266+08:00] size: 1440x768 dpr: 1
[2025-09-18T10:39:01.279+08:00] Getting interface description
[2025-09-18T10:39:01.279+08:00] Interface description end
[2025-09-18T10:39:01.279+08:00] Uploading test info to server
[2025-09-18T10:39:01.323+08:00] UploadTestInfoToServer end
[2025-09-18T10:39:01.401+08:00] size: 1440x768 dpr: 1
[2025-09-18T10:39:01.495+08:00] Getting interface description
[2025-09-18T10:39:01.495+08:00] Interface description end
[2025-09-18T10:39:01.495+08:00] Uploading test info to server
[2025-09-18T10:39:01.540+08:00] UploadTestInfoToServer end
[2025-09-18T10:39:01.615+08:00] size: 1440x768 dpr: 1
[2025-09-18T10:39:01.953+08:00] Getting interface description
[2025-09-18T10:39:01.953+08:00] Interface description end
[2025-09-18T10:39:01.953+08:00] Uploading test info to server
[2025-09-18T10:39:01.998+08:00] UploadTestInfoToServer end
[2025-09-18T10:39:02.084+08:00] size: 1440x768 dpr: 1
[2025-09-18T10:39:09.284+08:00] Getting interface description
[2025-09-18T10:39:09.284+08:00] Interface description end
[2025-09-18T10:39:09.284+08:00] Uploading test info to server
[2025-09-18T10:39:09.333+08:00] UploadTestInfoToServer end
[2025-09-18T10:39:09.397+08:00] size: 1440x768 dpr: 1
[2025-09-18T10:39:09.490+08:00] Getting interface description
[2025-09-18T10:39:09.490+08:00] Interface description end
[2025-09-18T10:39:09.490+08:00] Uploading test info to server
[2025-09-18T10:39:09.535+08:00] UploadTestInfoToServer end
[2025-09-18T10:39:09.615+08:00] size: 1440x768 dpr: 1
[2025-09-18T10:39:10.823+08:00] Getting interface description
[2025-09-18T10:39:10.823+08:00] Interface description end
[2025-09-18T10:39:10.823+08:00] Uploading test info to server
[2025-09-18T10:39:10.867+08:00] UploadTestInfoToServer end
[2025-09-18T10:39:10.949+08:00] size: 1440x768 dpr: 1
[2025-09-18T10:39:13.655+08:00] Getting interface description
[2025-09-18T10:39:13.655+08:00] Interface description end
[2025-09-18T10:39:13.655+08:00] Uploading test info to server
[2025-09-18T10:39:13.700+08:00] UploadTestInfoToServer end
[2025-09-18T10:39:13.780+08:00] size: 1440x768 dpr: 1
[2025-09-18T10:39:14.123+08:00] Getting interface description
[2025-09-18T10:39:14.123+08:00] Interface description end
[2025-09-18T10:39:14.123+08:00] Uploading test info to server
[2025-09-18T10:39:14.168+08:00] UploadTestInfoToServer end
[2025-09-18T10:39:14.575+08:00] size: 1440x768 dpr: 1
[2025-09-18T10:39:18.049+08:00] Getting interface description
[2025-09-18T10:39:18.049+08:00] Interface description end
[2025-09-18T10:39:18.049+08:00] Uploading test info to server
[2025-09-18T10:39:18.091+08:00] UploadTestInfoToServer end
[2025-09-18T10:39:18.169+08:00] size: 1440x768 dpr: 1
[2025-09-18T10:39:18.554+08:00] Getting interface description
[2025-09-18T10:39:18.554+08:00] Interface description end
[2025-09-18T10:39:18.554+08:00] Uploading test info to server
[2025-09-18T10:39:18.599+08:00] UploadTestInfoToServer end
[2025-09-18T10:39:18.706+08:00] size: 1440x768 dpr: 1
[2025-09-18T10:39:21.602+08:00] Getting interface description
[2025-09-18T10:39:21.602+08:00] Interface description end
[2025-09-18T10:39:21.602+08:00] Uploading test info to server
[2025-09-18T10:39:21.647+08:00] UploadTestInfoToServer end
[2025-09-18T10:39:21.719+08:00] size: 1440x768 dpr: 1
[2025-09-18T10:39:22.350+08:00] Getting interface description
[2025-09-18T10:39:22.350+08:00] Interface description end
[2025-09-18T10:39:22.350+08:00] Uploading test info to server
[2025-09-18T10:39:22.397+08:00] UploadTestInfoToServer end
[2025-09-18T10:39:22.464+08:00] size: 1440x768 dpr: 1
[2025-09-18T10:39:22.489+08:00] Getting interface description
[2025-09-18T10:39:22.489+08:00] Interface description end
[2025-09-18T10:39:22.489+08:00] Uploading test info to server
[2025-09-18T10:39:22.533+08:00] UploadTestInfoToServer end
[2025-09-18T10:39:22.614+08:00] size: 1440x768 dpr: 1
[2025-09-18T10:39:26.024+08:00] Getting interface description
[2025-09-18T10:39:26.024+08:00] Interface description end
[2025-09-18T10:39:26.024+08:00] Uploading test info to server
[2025-09-18T10:39:26.067+08:00] UploadTestInfoToServer end
[2025-09-18T10:39:26.167+08:00] size: 1440x768 dpr: 1
[2025-09-18T10:39:28.433+08:00] Getting interface description
[2025-09-18T10:39:28.433+08:00] Interface description end
[2025-09-18T10:39:28.433+08:00] Uploading test info to server
[2025-09-18T10:39:28.476+08:00] UploadTestInfoToServer end
[2025-09-18T10:39:28.552+08:00] size: 1440x768 dpr: 1
[2025-09-18T10:39:30.557+08:00] Getting interface description
[2025-09-18T10:39:30.557+08:00] Interface description end
[2025-09-18T10:39:30.557+08:00] Uploading test info to server
[2025-09-18T10:39:30.600+08:00] UploadTestInfoToServer end
[2025-09-18T10:39:30.696+08:00] size: 1440x768 dpr: 1
[2025-09-18T10:39:34.250+08:00] Getting interface description
[2025-09-18T10:39:34.250+08:00] Interface description end
[2025-09-18T10:39:34.250+08:00] Uploading test info to server
[2025-09-18T10:39:34.294+08:00] UploadTestInfoToServer end
[2025-09-18T10:39:34.362+08:00] size: 1440x768 dpr: 1
[2025-09-18T10:39:34.746+08:00] Getting interface description
[2025-09-18T10:39:34.746+08:00] Interface description end
[2025-09-18T10:39:34.746+08:00] Uploading test info to server
[2025-09-18T10:39:34.788+08:00] UploadTestInfoToServer end
[2025-09-18T10:39:34.860+08:00] size: 1440x768 dpr: 1
[2025-09-18T10:39:39.557+08:00] Getting interface description
[2025-09-18T10:39:39.557+08:00] Interface description end
[2025-09-18T10:39:39.557+08:00] Uploading test info to server
[2025-09-18T10:39:39.599+08:00] UploadTestInfoToServer end
[2025-09-18T10:39:39.681+08:00] size: 1440x768 dpr: 1
[2025-09-18T10:39:39.815+08:00] Getting interface description
[2025-09-18T10:39:39.815+08:00] Interface description end
[2025-09-18T10:39:39.815+08:00] Uploading test info to server
[2025-09-18T10:39:39.862+08:00] UploadTestInfoToServer end
[2025-09-18T10:39:39.931+08:00] size: 1440x768 dpr: 1
[2025-09-18T10:39:40.584+08:00] Getting interface description
[2025-09-18T10:39:40.584+08:00] Interface description end
[2025-09-18T10:39:40.584+08:00] Uploading test info to server
[2025-09-18T10:39:40.644+08:00] UploadTestInfoToServer end
[2025-09-18T10:39:40.715+08:00] size: 1440x768 dpr: 1
[2025-09-18T10:39:44.110+08:00] Getting interface description
[2025-09-18T10:39:44.110+08:00] Interface description end
[2025-09-18T10:39:44.110+08:00] Uploading test info to server
[2025-09-18T10:39:44.152+08:00] UploadTestInfoToServer end
[2025-09-18T10:39:44.238+08:00] size: 1440x768 dpr: 1
[2025-09-18T10:39:48.208+08:00] Getting interface description
[2025-09-18T10:39:48.208+08:00] Interface description end
[2025-09-18T10:39:48.208+08:00] Uploading test info to server
[2025-09-18T10:39:48.252+08:00] UploadTestInfoToServer end
[2025-09-18T10:39:48.329+08:00] size: 1440x768 dpr: 1
[2025-09-18T10:39:48.450+08:00] Getting interface description
[2025-09-18T10:39:48.450+08:00] Interface description end
[2025-09-18T10:39:48.450+08:00] Uploading test info to server
[2025-09-18T10:39:48.496+08:00] UploadTestInfoToServer end
[2025-09-18T10:39:48.566+08:00] size: 1440x768 dpr: 1
[2025-09-18T10:39:49.230+08:00] Getting interface description
[2025-09-18T10:39:49.230+08:00] Interface description end
[2025-09-18T10:39:49.230+08:00] Uploading test info to server
[2025-09-18T10:39:49.273+08:00] UploadTestInfoToServer end
[2025-09-18T10:39:49.348+08:00] size: 1440x768 dpr: 1
[2025-09-18T10:39:52.531+08:00] Getting interface description
[2025-09-18T10:39:52.531+08:00] Interface description end
[2025-09-18T10:39:52.531+08:00] Uploading test info to server
[2025-09-18T10:39:52.573+08:00] UploadTestInfoToServer end
[2025-09-18T10:39:52.664+08:00] size: 1440x768 dpr: 1
[2025-09-18T10:39:59.602+08:00] Getting interface description
[2025-09-18T10:39:59.602+08:00] Interface description end
[2025-09-18T10:39:59.602+08:00] Uploading test info to server
[2025-09-18T10:39:59.648+08:00] UploadTestInfoToServer end
[2025-09-18T10:39:59.736+08:00] size: 1440x768 dpr: 1
[2025-09-18T10:39:59.774+08:00] Getting interface description
[2025-09-18T10:39:59.774+08:00] Interface description end
[2025-09-18T10:39:59.774+08:00] Uploading test info to server
[2025-09-18T10:39:59.817+08:00] UploadTestInfoToServer end
[2025-09-18T10:39:59.902+08:00] size: 1440x768 dpr: 1
[2025-09-18T10:40:00.032+08:00] Getting interface description
[2025-09-18T10:40:00.032+08:00] Interface description end
[2025-09-18T10:40:00.032+08:00] Uploading test info to server
[2025-09-18T10:40:00.077+08:00] UploadTestInfoToServer end
[2025-09-18T10:40:00.142+08:00] size: 1440x768 dpr: 1
[2025-09-18T10:40:01.323+08:00] Getting interface description
[2025-09-18T10:40:01.323+08:00] Interface description end
[2025-09-18T10:40:01.323+08:00] Uploading test info to server
[2025-09-18T10:40:01.365+08:00] UploadTestInfoToServer end
[2025-09-18T10:40:01.447+08:00] size: 1440x768 dpr: 1
[2025-09-18T10:40:07.182+08:00] Getting interface description
[2025-09-18T10:40:07.182+08:00] Interface description end
[2025-09-18T10:40:07.182+08:00] Uploading test info to server
[2025-09-18T10:40:07.226+08:00] UploadTestInfoToServer end
[2025-09-18T10:40:07.312+08:00] size: 1440x768 dpr: 1
[2025-09-18T10:40:07.350+08:00] Getting interface description
[2025-09-18T10:40:07.350+08:00] Interface description end
[2025-09-18T10:40:07.350+08:00] Uploading test info to server
[2025-09-18T10:40:07.396+08:00] UploadTestInfoToServer end
[2025-09-18T10:40:07.483+08:00] size: 1440x768 dpr: 1
[2025-09-18T10:40:07.599+08:00] Getting interface description
[2025-09-18T10:40:07.599+08:00] Interface description end
[2025-09-18T10:40:07.599+08:00] Uploading test info to server
[2025-09-18T10:40:07.643+08:00] UploadTestInfoToServer end
[2025-09-18T10:40:07.716+08:00] size: 1440x768 dpr: 1
[2025-09-18T10:40:08.798+08:00] Getting interface description
[2025-09-18T10:40:08.798+08:00] Interface description end
[2025-09-18T10:40:08.798+08:00] Uploading test info to server
[2025-09-18T10:40:08.840+08:00] UploadTestInfoToServer end
[2025-09-18T10:40:08.932+08:00] size: 1440x768 dpr: 1
[2025-09-18T10:40:11.289+08:00] Getting interface description
[2025-09-18T10:40:11.289+08:00] Interface description end
[2025-09-18T10:40:11.289+08:00] Uploading test info to server
[2025-09-18T10:40:11.335+08:00] UploadTestInfoToServer end
[2025-09-18T10:40:11.412+08:00] size: 1440x768 dpr: 1
[2025-09-18T10:40:12.842+08:00] Getting interface description
[2025-09-18T10:40:12.842+08:00] Interface description end
[2025-09-18T10:40:12.842+08:00] Uploading test info to server
[2025-09-18T10:40:12.894+08:00] UploadTestInfoToServer end
[2025-09-18T10:40:12.983+08:00] size: 1440x768 dpr: 1
[2025-09-18T10:40:15.630+08:00] Getting interface description
[2025-09-18T10:40:15.630+08:00] Interface description end
[2025-09-18T10:40:15.630+08:00] Uploading test info to server
[2025-09-18T10:40:15.678+08:00] UploadTestInfoToServer end
[2025-09-18T10:40:15.763+08:00] size: 1440x768 dpr: 1
[2025-09-18T10:40:16.261+08:00] Getting interface description
[2025-09-18T10:40:16.261+08:00] Interface description end
[2025-09-18T10:40:16.261+08:00] Uploading test info to server
[2025-09-18T10:40:16.302+08:00] UploadTestInfoToServer end
[2025-09-18T10:40:16.380+08:00] size: 1440x768 dpr: 1
[2025-09-18T10:40:19.967+08:00] Getting interface description
[2025-09-18T10:40:19.967+08:00] Interface description end
[2025-09-18T10:40:19.967+08:00] Uploading test info to server
[2025-09-18T10:40:20.014+08:00] UploadTestInfoToServer end
[2025-09-18T10:40:20.084+08:00] size: 1440x768 dpr: 1
[2025-09-18T10:40:20.592+08:00] Getting interface description
[2025-09-18T10:40:20.592+08:00] Interface description end
[2025-09-18T10:40:20.592+08:00] Uploading test info to server
[2025-09-18T10:40:20.639+08:00] UploadTestInfoToServer end
[2025-09-18T10:40:20.715+08:00] size: 1440x768 dpr: 1
[2025-09-18T10:40:20.736+08:00] Getting interface description
[2025-09-18T10:40:20.736+08:00] Interface description end
[2025-09-18T10:40:20.736+08:00] Uploading test info to server
[2025-09-18T10:40:20.778+08:00] UploadTestInfoToServer end
[2025-09-18T10:40:20.842+08:00] size: 1440x768 dpr: 1
[2025-09-18T10:40:23.076+08:00] Getting interface description
[2025-09-18T10:40:23.076+08:00] Interface description end
[2025-09-18T10:40:23.076+08:00] Uploading test info to server
[2025-09-18T10:40:23.120+08:00] UploadTestInfoToServer end
[2025-09-18T10:40:23.196+08:00] size: 1440x768 dpr: 1
[2025-09-18T10:40:25.744+08:00] Getting interface description
[2025-09-18T10:40:25.744+08:00] Interface description end
[2025-09-18T10:40:25.744+08:00] Uploading test info to server
[2025-09-18T10:40:25.788+08:00] UploadTestInfoToServer end
[2025-09-18T10:40:25.863+08:00] size: 1440x768 dpr: 1
[2025-09-18T10:40:26.237+08:00] Getting interface description
[2025-09-18T10:40:26.237+08:00] Interface description end
[2025-09-18T10:40:26.237+08:00] Uploading test info to server
[2025-09-18T10:40:26.281+08:00] UploadTestInfoToServer end
[2025-09-18T10:40:26.368+08:00] size: 1440x768 dpr: 1
[2025-09-18T10:40:30.563+08:00] Getting interface description
[2025-09-18T10:40:30.563+08:00] Interface description end
[2025-09-18T10:40:30.563+08:00] Uploading test info to server
[2025-09-18T10:40:30.609+08:00] UploadTestInfoToServer end
[2025-09-18T10:40:30.705+08:00] size: 1440x768 dpr: 1
