[2025-09-17T22:25:29.391+08:00] waitForNavigation begin
[2025-09-17T22:25:29.391+08:00] waitForNavigation timeout: 5000
[2025-09-17T22:25:29.404+08:00] waitForNavigation end
[2025-09-17T22:25:29.404+08:00] screenshotBase64 begin
[2025-09-17T22:25:29.445+08:00] screenshotBase64 end, cost: 41ms
[2025-09-17T22:25:29.445+08:00] evaluate function begin
[2025-09-17T22:25:29.446+08:00] evaluate function end
[2025-09-17T22:25:29.446+08:00] waitForNavigation begin
[2025-09-17T22:25:29.446+08:00] waitForNavigation timeout: 5000
[2025-09-17T22:25:29.450+08:00] waitForNavigation end
[2025-09-17T22:25:29.450+08:00] evaluate function begin
[2025-09-17T22:25:29.479+08:00] evaluate function end
[2025-09-17T22:25:29.479+08:00] getElementsNodeTree end, cost: 29ms
[2025-09-17T22:25:37.209+08:00] waitForNavigation begin
[2025-09-17T22:25:37.209+08:00] waitForNavigation timeout: 5000
[2025-09-17T22:25:37.214+08:00] waitForNavigation end
[2025-09-17T22:25:37.214+08:00] screenshotBase64 begin
[2025-09-17T22:25:37.270+08:00] screenshotBase64 end, cost: 56ms
[2025-09-17T22:25:37.270+08:00] waitForNavigation begin
[2025-09-17T22:25:37.270+08:00] waitForNavigation timeout: 5000
[2025-09-17T22:25:37.277+08:00] waitForNavigation end
[2025-09-17T22:25:37.277+08:00] evaluate function begin
[2025-09-17T22:25:37.296+08:00] evaluate function end
[2025-09-17T22:25:37.296+08:00] getElementsNodeTree end, cost: 19ms
[2025-09-17T22:25:37.341+08:00] waitForNavigation begin
[2025-09-17T22:25:37.341+08:00] waitForNavigation timeout: 5000
[2025-09-17T22:25:37.346+08:00] waitForNavigation end
[2025-09-17T22:25:37.346+08:00] screenshotBase64 begin
[2025-09-17T22:25:37.398+08:00] screenshotBase64 end, cost: 52ms
[2025-09-17T22:25:37.398+08:00] waitForNavigation begin
[2025-09-17T22:25:37.398+08:00] waitForNavigation timeout: 5000
[2025-09-17T22:25:37.403+08:00] waitForNavigation end
[2025-09-17T22:25:37.403+08:00] evaluate function begin
[2025-09-17T22:25:37.421+08:00] evaluate function end
[2025-09-17T22:25:37.421+08:00] getElementsNodeTree end, cost: 18ms
[2025-09-17T22:25:37.421+08:00] evaluate function begin
[2025-09-17T22:25:37.425+08:00] evaluate function end
[2025-09-17T22:25:37.428+08:00] waitForNavigation begin
[2025-09-17T22:25:37.428+08:00] waitForNavigation timeout: 5000
[2025-09-17T22:25:37.433+08:00] waitForNavigation end
[2025-09-17T22:25:37.433+08:00] screenshotBase64 begin
[2025-09-17T22:25:37.479+08:00] screenshotBase64 end, cost: 46ms
[2025-09-17T22:25:37.524+08:00] waitForNavigation begin
[2025-09-17T22:25:37.524+08:00] waitForNavigation timeout: 5000
[2025-09-17T22:25:37.529+08:00] waitForNavigation end
[2025-09-17T22:25:37.529+08:00] screenshotBase64 begin
[2025-09-17T22:25:37.587+08:00] screenshotBase64 end, cost: 58ms
[2025-09-17T22:25:37.588+08:00] waitForNavigation begin
[2025-09-17T22:25:37.588+08:00] waitForNavigation timeout: 5000
[2025-09-17T22:25:37.592+08:00] waitForNavigation end
[2025-09-17T22:25:37.592+08:00] evaluate function begin
[2025-09-17T22:25:37.610+08:00] evaluate function end
[2025-09-17T22:25:37.610+08:00] getElementsNodeTree end, cost: 18ms
[2025-09-17T22:25:37.610+08:00] waitForNavigation begin
[2025-09-17T22:25:37.610+08:00] waitForNavigation timeout: 5000
[2025-09-17T22:25:37.614+08:00] waitForNavigation end
[2025-09-17T22:25:37.825+08:00] clearInput begin
[2025-09-17T22:25:37.825+08:00] mouse move to 729, 178
[2025-09-17T22:25:37.829+08:00] mouse click 729, 178, left, 1
[2025-09-17T22:25:37.938+08:00] keyboard press [ { key: 'Backspace' } ]
[2025-09-17T22:25:37.940+08:00] clearInput end
[2025-09-17T22:25:37.940+08:00] keyboard type 今日天气
[2025-09-17T22:25:38.294+08:00] waitForNavigation begin
[2025-09-17T22:25:38.294+08:00] waitForNavigation timeout: 5000
[2025-09-17T22:25:38.298+08:00] waitForNavigation end
[2025-09-17T22:25:38.298+08:00] screenshotBase64 begin
[2025-09-17T22:25:38.365+08:00] screenshotBase64 end, cost: 67ms
[2025-09-17T22:25:38.409+08:00] waitForNavigation begin
[2025-09-17T22:25:38.409+08:00] waitForNavigation timeout: 5000
[2025-09-17T22:25:38.414+08:00] waitForNavigation end
[2025-09-17T22:25:38.414+08:00] screenshotBase64 begin
[2025-09-17T22:25:38.475+08:00] screenshotBase64 end, cost: 61ms
[2025-09-17T22:25:38.475+08:00] waitForNavigation begin
[2025-09-17T22:25:38.475+08:00] waitForNavigation timeout: 5000
[2025-09-17T22:25:38.479+08:00] waitForNavigation end
[2025-09-17T22:25:38.479+08:00] evaluate function begin
[2025-09-17T22:25:38.498+08:00] evaluate function end
[2025-09-17T22:25:38.499+08:00] getElementsNodeTree end, cost: 20ms
[2025-09-17T22:25:44.702+08:00] waitForNavigation begin
[2025-09-17T22:25:44.702+08:00] waitForNavigation timeout: 5000
[2025-09-17T22:25:44.705+08:00] waitForNavigation end
[2025-09-17T22:25:44.705+08:00] screenshotBase64 begin
[2025-09-17T22:25:44.768+08:00] screenshotBase64 end, cost: 63ms
[2025-09-17T22:25:44.811+08:00] waitForNavigation begin
[2025-09-17T22:25:44.811+08:00] waitForNavigation timeout: 5000
[2025-09-17T22:25:44.814+08:00] waitForNavigation end
[2025-09-17T22:25:44.814+08:00] screenshotBase64 begin
[2025-09-17T22:25:44.859+08:00] screenshotBase64 end, cost: 45ms
[2025-09-17T22:25:44.859+08:00] waitForNavigation begin
[2025-09-17T22:25:44.859+08:00] waitForNavigation timeout: 5000
[2025-09-17T22:25:44.863+08:00] waitForNavigation end
[2025-09-17T22:25:44.863+08:00] evaluate function begin
[2025-09-17T22:25:44.886+08:00] evaluate function end
[2025-09-17T22:25:44.886+08:00] getElementsNodeTree end, cost: 23ms
[2025-09-17T22:25:44.887+08:00] waitForNavigation begin
[2025-09-17T22:25:44.887+08:00] waitForNavigation timeout: 5000
[2025-09-17T22:25:44.893+08:00] waitForNavigation end
[2025-09-17T22:25:45.108+08:00] keyboard press [ { key: 'Enter' } ]
[2025-09-17T22:25:45.117+08:00] waitForNavigation begin
[2025-09-17T22:25:45.117+08:00] waitForNavigation timeout: 5000
[2025-09-17T22:25:45.337+08:00] waitForNavigation end
[2025-09-17T22:25:45.337+08:00] screenshotBase64 begin
[2025-09-17T22:25:45.416+08:00] screenshotBase64 end, cost: 79ms
[2025-09-17T22:25:48.457+08:00] waitForNavigation begin
[2025-09-17T22:25:48.457+08:00] waitForNavigation timeout: 5000
[2025-09-17T22:25:48.463+08:00] waitForNavigation end
[2025-09-17T22:25:48.463+08:00] screenshotBase64 begin
[2025-09-17T22:25:48.532+08:00] screenshotBase64 end, cost: 69ms
[2025-09-17T22:25:48.577+08:00] waitForNavigation begin
[2025-09-17T22:25:48.577+08:00] waitForNavigation timeout: 5000
[2025-09-17T22:25:48.582+08:00] waitForNavigation end
[2025-09-17T22:25:48.582+08:00] screenshotBase64 begin
[2025-09-17T22:25:48.624+08:00] screenshotBase64 end, cost: 42ms
[2025-09-17T22:25:48.624+08:00] waitForNavigation begin
[2025-09-17T22:25:48.624+08:00] waitForNavigation timeout: 5000
[2025-09-17T22:25:48.629+08:00] waitForNavigation end
[2025-09-17T22:25:48.629+08:00] evaluate function begin
[2025-09-17T22:25:48.661+08:00] evaluate function end
[2025-09-17T22:25:48.661+08:00] getElementsNodeTree end, cost: 32ms
[2025-09-17T22:25:48.706+08:00] waitForNavigation begin
[2025-09-17T22:25:48.706+08:00] waitForNavigation timeout: 5000
[2025-09-17T22:25:48.713+08:00] waitForNavigation end
[2025-09-17T22:25:48.713+08:00] screenshotBase64 begin
[2025-09-17T22:25:48.769+08:00] screenshotBase64 end, cost: 56ms
[2025-09-17T22:25:48.769+08:00] waitForNavigation begin
[2025-09-17T22:25:48.769+08:00] waitForNavigation timeout: 5000
[2025-09-17T22:25:48.772+08:00] waitForNavigation end
[2025-09-17T22:25:48.772+08:00] evaluate function begin
[2025-09-17T22:25:48.798+08:00] evaluate function end
[2025-09-17T22:25:48.798+08:00] getElementsNodeTree end, cost: 26ms
[2025-09-17T22:28:26.666+08:00] waitForNavigation begin
[2025-09-17T22:28:26.666+08:00] waitForNavigation timeout: 5000
[2025-09-17T22:28:26.678+08:00] waitForNavigation end
[2025-09-17T22:28:26.678+08:00] screenshotBase64 begin
[2025-09-17T22:28:26.732+08:00] screenshotBase64 end, cost: 54ms
[2025-09-17T22:28:26.732+08:00] evaluate function begin
[2025-09-17T22:28:26.733+08:00] evaluate function end
[2025-09-17T22:28:26.734+08:00] waitForNavigation begin
[2025-09-17T22:28:26.734+08:00] waitForNavigation timeout: 5000
[2025-09-17T22:28:26.739+08:00] waitForNavigation end
[2025-09-17T22:28:26.739+08:00] evaluate function begin
[2025-09-17T22:28:26.763+08:00] evaluate function end
[2025-09-17T22:28:26.763+08:00] getElementsNodeTree end, cost: 24ms
[2025-09-17T22:33:29.108+08:00] waitForNavigation begin
[2025-09-17T22:33:29.108+08:00] waitForNavigation timeout: 5000
[2025-09-17T22:33:29.122+08:00] waitForNavigation end
[2025-09-17T22:33:29.122+08:00] screenshotBase64 begin
[2025-09-17T22:33:29.216+08:00] screenshotBase64 end, cost: 94ms
[2025-09-17T22:33:29.216+08:00] evaluate function begin
[2025-09-17T22:33:29.217+08:00] evaluate function end
[2025-09-17T22:33:29.218+08:00] waitForNavigation begin
[2025-09-17T22:33:29.218+08:00] waitForNavigation timeout: 5000
[2025-09-17T22:33:29.222+08:00] waitForNavigation end
[2025-09-17T22:33:29.222+08:00] evaluate function begin
[2025-09-17T22:33:29.251+08:00] evaluate function end
[2025-09-17T22:33:29.251+08:00] getElementsNodeTree end, cost: 29ms
[2025-09-17T22:33:35.160+08:00] waitForNavigation begin
[2025-09-17T22:33:35.160+08:00] waitForNavigation timeout: 5000
[2025-09-17T22:33:35.165+08:00] waitForNavigation end
[2025-09-17T22:33:35.165+08:00] screenshotBase64 begin
[2025-09-17T22:33:35.241+08:00] screenshotBase64 end, cost: 76ms
[2025-09-17T22:33:35.241+08:00] waitForNavigation begin
[2025-09-17T22:33:35.241+08:00] waitForNavigation timeout: 5000
[2025-09-17T22:33:35.248+08:00] waitForNavigation end
[2025-09-17T22:33:35.248+08:00] evaluate function begin
[2025-09-17T22:33:35.271+08:00] evaluate function end
[2025-09-17T22:33:35.271+08:00] getElementsNodeTree end, cost: 23ms
[2025-09-17T22:33:35.272+08:00] evaluate function begin
[2025-09-17T22:33:35.275+08:00] evaluate function end
[2025-09-17T22:33:35.278+08:00] waitForNavigation begin
[2025-09-17T22:33:35.278+08:00] waitForNavigation timeout: 5000
[2025-09-17T22:33:35.282+08:00] waitForNavigation end
[2025-09-17T22:33:35.282+08:00] screenshotBase64 begin
[2025-09-17T22:33:35.358+08:00] screenshotBase64 end, cost: 76ms
[2025-09-17T22:33:35.406+08:00] waitForNavigation begin
[2025-09-17T22:33:35.406+08:00] waitForNavigation timeout: 5000
[2025-09-17T22:33:35.413+08:00] waitForNavigation end
[2025-09-17T22:33:35.413+08:00] screenshotBase64 begin
[2025-09-17T22:33:35.479+08:00] screenshotBase64 end, cost: 66ms
[2025-09-17T22:33:35.479+08:00] waitForNavigation begin
[2025-09-17T22:33:35.479+08:00] waitForNavigation timeout: 5000
[2025-09-17T22:33:35.491+08:00] waitForNavigation end
[2025-09-17T22:33:35.491+08:00] evaluate function begin
[2025-09-17T22:33:35.513+08:00] evaluate function end
[2025-09-17T22:33:35.513+08:00] getElementsNodeTree end, cost: 22ms
[2025-09-17T22:33:35.514+08:00] waitForNavigation begin
[2025-09-17T22:33:35.514+08:00] waitForNavigation timeout: 5000
[2025-09-17T22:33:35.519+08:00] waitForNavigation end
[2025-09-17T22:33:35.725+08:00] clearInput begin
[2025-09-17T22:33:35.725+08:00] mouse move to 694, 179
[2025-09-17T22:33:35.729+08:00] mouse click 694, 179, left, 1
[2025-09-17T22:33:35.837+08:00] keyboard press [ { key: 'Backspace' } ]
[2025-09-17T22:33:35.839+08:00] clearInput end
[2025-09-17T22:33:35.839+08:00] keyboard type 今日天气
[2025-09-17T22:33:36.205+08:00] waitForNavigation begin
[2025-09-17T22:33:36.205+08:00] waitForNavigation timeout: 5000
[2025-09-17T22:33:36.210+08:00] waitForNavigation end
[2025-09-17T22:33:36.210+08:00] screenshotBase64 begin
[2025-09-17T22:33:36.296+08:00] screenshotBase64 end, cost: 86ms
[2025-09-17T22:33:36.352+08:00] waitForNavigation begin
[2025-09-17T22:33:36.352+08:00] waitForNavigation timeout: 5000
[2025-09-17T22:33:36.364+08:00] waitForNavigation end
[2025-09-17T22:33:36.364+08:00] screenshotBase64 begin
[2025-09-17T22:33:36.440+08:00] screenshotBase64 end, cost: 76ms
[2025-09-17T22:33:36.440+08:00] waitForNavigation begin
[2025-09-17T22:33:36.440+08:00] waitForNavigation timeout: 5000
[2025-09-17T22:33:36.450+08:00] waitForNavigation end
[2025-09-17T22:33:36.451+08:00] evaluate function begin
[2025-09-17T22:33:36.474+08:00] evaluate function end
[2025-09-17T22:33:36.474+08:00] getElementsNodeTree end, cost: 23ms
[2025-09-17T22:33:41.194+08:00] waitForNavigation begin
[2025-09-17T22:33:41.194+08:00] waitForNavigation timeout: 5000
[2025-09-17T22:33:41.199+08:00] waitForNavigation end
[2025-09-17T22:33:41.199+08:00] screenshotBase64 begin
[2025-09-17T22:33:41.267+08:00] screenshotBase64 end, cost: 68ms
[2025-09-17T22:33:41.268+08:00] waitForNavigation begin
[2025-09-17T22:33:41.268+08:00] waitForNavigation timeout: 5000
[2025-09-17T22:33:41.273+08:00] waitForNavigation end
[2025-09-17T22:33:41.273+08:00] evaluate function begin
[2025-09-17T22:33:41.295+08:00] evaluate function end
[2025-09-17T22:33:41.295+08:00] getElementsNodeTree end, cost: 22ms
[2025-09-17T22:33:41.295+08:00] evaluate function begin
[2025-09-17T22:33:41.298+08:00] evaluate function end
[2025-09-17T22:33:41.300+08:00] waitForNavigation begin
[2025-09-17T22:33:41.300+08:00] waitForNavigation timeout: 5000
[2025-09-17T22:33:41.302+08:00] waitForNavigation end
[2025-09-17T22:33:41.302+08:00] screenshotBase64 begin
[2025-09-17T22:33:41.371+08:00] screenshotBase64 end, cost: 69ms
[2025-09-17T22:33:41.417+08:00] waitForNavigation begin
[2025-09-17T22:33:41.417+08:00] waitForNavigation timeout: 5000
[2025-09-17T22:33:41.420+08:00] waitForNavigation end
[2025-09-17T22:33:41.420+08:00] screenshotBase64 begin
[2025-09-17T22:33:41.489+08:00] screenshotBase64 end, cost: 69ms
[2025-09-17T22:33:41.489+08:00] waitForNavigation begin
[2025-09-17T22:33:41.489+08:00] waitForNavigation timeout: 5000
[2025-09-17T22:33:41.496+08:00] waitForNavigation end
[2025-09-17T22:33:41.496+08:00] evaluate function begin
[2025-09-17T22:33:41.516+08:00] evaluate function end
[2025-09-17T22:33:41.516+08:00] getElementsNodeTree end, cost: 20ms
[2025-09-17T22:33:41.517+08:00] waitForNavigation begin
[2025-09-17T22:33:41.517+08:00] waitForNavigation timeout: 5000
[2025-09-17T22:33:41.521+08:00] waitForNavigation end
[2025-09-17T22:33:41.729+08:00] mouse move to 307, 231
[2025-09-17T22:33:41.732+08:00] mouse click 307, 231, left, 1
[2025-09-17T22:33:41.733+08:00] waitForNavigation begin
[2025-09-17T22:33:41.733+08:00] waitForNavigation timeout: 5000
[2025-09-17T22:33:42.008+08:00] waitForNavigation end
[2025-09-17T22:33:42.008+08:00] screenshotBase64 begin
[2025-09-17T22:33:42.085+08:00] screenshotBase64 end, cost: 77ms
[2025-09-17T22:33:45.152+08:00] waitForNavigation begin
[2025-09-17T22:33:45.152+08:00] waitForNavigation timeout: 5000
[2025-09-17T22:33:45.159+08:00] waitForNavigation end
[2025-09-17T22:33:45.159+08:00] screenshotBase64 begin
[2025-09-17T22:33:45.272+08:00] screenshotBase64 end, cost: 113ms
[2025-09-17T22:33:45.318+08:00] waitForNavigation begin
[2025-09-17T22:33:45.318+08:00] waitForNavigation timeout: 5000
[2025-09-17T22:33:45.321+08:00] waitForNavigation end
[2025-09-17T22:33:45.321+08:00] screenshotBase64 begin
[2025-09-17T22:33:45.381+08:00] screenshotBase64 end, cost: 60ms
[2025-09-17T22:33:45.381+08:00] waitForNavigation begin
[2025-09-17T22:33:45.381+08:00] waitForNavigation timeout: 5000
[2025-09-17T22:33:45.385+08:00] waitForNavigation end
[2025-09-17T22:33:45.385+08:00] evaluate function begin
[2025-09-17T22:33:45.421+08:00] evaluate function end
[2025-09-17T22:33:45.421+08:00] getElementsNodeTree end, cost: 36ms
[2025-09-17T22:33:45.466+08:00] waitForNavigation begin
[2025-09-17T22:33:45.466+08:00] waitForNavigation timeout: 5000
[2025-09-17T22:33:45.470+08:00] waitForNavigation end
[2025-09-17T22:33:45.470+08:00] screenshotBase64 begin
[2025-09-17T22:33:45.547+08:00] screenshotBase64 end, cost: 77ms
[2025-09-17T22:33:45.547+08:00] waitForNavigation begin
[2025-09-17T22:33:45.547+08:00] waitForNavigation timeout: 5000
[2025-09-17T22:33:45.552+08:00] waitForNavigation end
[2025-09-17T22:33:45.552+08:00] evaluate function begin
[2025-09-17T22:33:45.584+08:00] evaluate function end
[2025-09-17T22:33:45.584+08:00] getElementsNodeTree end, cost: 32ms
[2025-09-17T22:36:14.929+08:00] waitForNavigation begin
[2025-09-17T22:36:14.929+08:00] waitForNavigation timeout: 5000
[2025-09-17T22:36:14.944+08:00] waitForNavigation end
[2025-09-17T22:36:14.944+08:00] screenshotBase64 begin
[2025-09-17T22:36:15.208+08:00] screenshotBase64 end, cost: 264ms
[2025-09-17T22:36:15.208+08:00] evaluate function begin
[2025-09-17T22:36:15.209+08:00] evaluate function end
[2025-09-17T22:36:15.210+08:00] waitForNavigation begin
[2025-09-17T22:36:15.210+08:00] waitForNavigation timeout: 5000
[2025-09-17T22:36:15.215+08:00] waitForNavigation end
[2025-09-17T22:36:15.215+08:00] evaluate function begin
[2025-09-17T22:36:15.229+08:00] evaluate function end
[2025-09-17T22:36:15.229+08:00] getElementsNodeTree end, cost: 14ms
[2025-09-17T22:36:23.495+08:00] waitForNavigation begin
[2025-09-17T22:36:23.495+08:00] waitForNavigation timeout: 5000
[2025-09-17T22:36:23.499+08:00] waitForNavigation end
[2025-09-17T22:36:23.499+08:00] screenshotBase64 begin
[2025-09-17T22:36:23.563+08:00] screenshotBase64 end, cost: 64ms
[2025-09-17T22:36:23.563+08:00] waitForNavigation begin
[2025-09-17T22:36:23.563+08:00] waitForNavigation timeout: 5000
[2025-09-17T22:36:23.569+08:00] waitForNavigation end
[2025-09-17T22:36:23.569+08:00] evaluate function begin
[2025-09-17T22:36:23.578+08:00] evaluate function end
[2025-09-17T22:36:23.578+08:00] getElementsNodeTree end, cost: 9ms
[2025-09-17T22:36:23.579+08:00] evaluate function begin
[2025-09-17T22:36:23.583+08:00] evaluate function end
[2025-09-17T22:36:23.586+08:00] waitForNavigation begin
[2025-09-17T22:36:23.586+08:00] waitForNavigation timeout: 5000
[2025-09-17T22:36:23.590+08:00] waitForNavigation end
[2025-09-17T22:36:23.590+08:00] screenshotBase64 begin
[2025-09-17T22:36:23.661+08:00] screenshotBase64 end, cost: 71ms
[2025-09-17T22:36:23.715+08:00] waitForNavigation begin
[2025-09-17T22:36:23.715+08:00] waitForNavigation timeout: 5000
[2025-09-17T22:36:23.721+08:00] waitForNavigation end
[2025-09-17T22:36:23.721+08:00] screenshotBase64 begin
[2025-09-17T22:36:23.774+08:00] screenshotBase64 end, cost: 53ms
[2025-09-17T22:36:23.774+08:00] waitForNavigation begin
[2025-09-17T22:36:23.774+08:00] waitForNavigation timeout: 5000
[2025-09-17T22:36:23.779+08:00] waitForNavigation end
[2025-09-17T22:36:23.779+08:00] evaluate function begin
[2025-09-17T22:36:23.787+08:00] evaluate function end
[2025-09-17T22:36:23.788+08:00] getElementsNodeTree end, cost: 9ms
[2025-09-17T22:36:23.788+08:00] waitForNavigation begin
[2025-09-17T22:36:23.788+08:00] waitForNavigation timeout: 5000
[2025-09-17T22:36:23.792+08:00] waitForNavigation end
[2025-09-17T22:36:24.007+08:00] clearInput begin
[2025-09-17T22:36:24.007+08:00] mouse move to 1140, 254
[2025-09-17T22:36:24.009+08:00] mouse click 1140, 254, left, 1
[2025-09-17T22:36:24.124+08:00] keyboard press [ { key: 'Backspace' } ]
[2025-09-17T22:36:24.126+08:00] clearInput end
[2025-09-17T22:36:24.126+08:00] keyboard type qlt_test
[2025-09-17T22:36:24.859+08:00] waitForNavigation begin
[2025-09-17T22:36:24.859+08:00] waitForNavigation timeout: 5000
[2025-09-17T22:36:24.863+08:00] waitForNavigation end
[2025-09-17T22:36:24.863+08:00] screenshotBase64 begin
[2025-09-17T22:36:24.925+08:00] screenshotBase64 end, cost: 62ms
[2025-09-17T22:36:24.970+08:00] waitForNavigation begin
[2025-09-17T22:36:24.970+08:00] waitForNavigation timeout: 5000
[2025-09-17T22:36:24.975+08:00] waitForNavigation end
[2025-09-17T22:36:24.975+08:00] screenshotBase64 begin
[2025-09-17T22:36:25.039+08:00] screenshotBase64 end, cost: 64ms
[2025-09-17T22:36:25.039+08:00] waitForNavigation begin
[2025-09-17T22:36:25.039+08:00] waitForNavigation timeout: 5000
[2025-09-17T22:36:25.043+08:00] waitForNavigation end
[2025-09-17T22:36:25.043+08:00] evaluate function begin
[2025-09-17T22:36:25.050+08:00] evaluate function end
[2025-09-17T22:36:25.050+08:00] getElementsNodeTree end, cost: 7ms
[2025-09-17T22:36:29.033+08:00] waitForNavigation begin
[2025-09-17T22:36:29.033+08:00] waitForNavigation timeout: 5000
[2025-09-17T22:36:29.037+08:00] waitForNavigation end
[2025-09-17T22:36:29.037+08:00] screenshotBase64 begin
[2025-09-17T22:36:29.110+08:00] screenshotBase64 end, cost: 73ms
[2025-09-17T22:36:29.111+08:00] waitForNavigation begin
[2025-09-17T22:36:29.111+08:00] waitForNavigation timeout: 5000
[2025-09-17T22:36:29.118+08:00] waitForNavigation end
[2025-09-17T22:36:29.118+08:00] evaluate function begin
[2025-09-17T22:36:29.126+08:00] evaluate function end
[2025-09-17T22:36:29.126+08:00] getElementsNodeTree end, cost: 8ms
[2025-09-17T22:36:33.552+08:00] waitForNavigation begin
[2025-09-17T22:36:33.552+08:00] waitForNavigation timeout: 5000
[2025-09-17T22:36:33.557+08:00] waitForNavigation end
[2025-09-17T22:36:33.557+08:00] screenshotBase64 begin
[2025-09-17T22:36:33.627+08:00] screenshotBase64 end, cost: 70ms
[2025-09-17T22:36:33.628+08:00] waitForNavigation begin
[2025-09-17T22:36:33.628+08:00] waitForNavigation timeout: 5000
[2025-09-17T22:36:33.638+08:00] waitForNavigation end
[2025-09-17T22:36:33.638+08:00] evaluate function begin
[2025-09-17T22:36:33.661+08:00] evaluate function end
[2025-09-17T22:36:33.661+08:00] getElementsNodeTree end, cost: 23ms
[2025-09-17T22:36:33.711+08:00] waitForNavigation begin
[2025-09-17T22:36:33.711+08:00] waitForNavigation timeout: 5000
[2025-09-17T22:36:33.719+08:00] waitForNavigation end
[2025-09-17T22:36:33.719+08:00] screenshotBase64 begin
[2025-09-17T22:36:33.790+08:00] screenshotBase64 end, cost: 71ms
[2025-09-17T22:36:33.790+08:00] waitForNavigation begin
[2025-09-17T22:36:33.790+08:00] waitForNavigation timeout: 5000
[2025-09-17T22:36:33.796+08:00] waitForNavigation end
[2025-09-17T22:36:33.796+08:00] evaluate function begin
[2025-09-17T22:36:33.803+08:00] evaluate function end
[2025-09-17T22:36:33.803+08:00] getElementsNodeTree end, cost: 7ms
[2025-09-17T22:36:33.804+08:00] evaluate function begin
[2025-09-17T22:36:33.807+08:00] evaluate function end
[2025-09-17T22:36:33.808+08:00] waitForNavigation begin
[2025-09-17T22:36:33.808+08:00] waitForNavigation timeout: 5000
[2025-09-17T22:36:33.812+08:00] waitForNavigation end
[2025-09-17T22:36:33.812+08:00] screenshotBase64 begin
[2025-09-17T22:36:33.875+08:00] screenshotBase64 end, cost: 63ms
[2025-09-17T22:36:33.919+08:00] waitForNavigation begin
[2025-09-17T22:36:33.919+08:00] waitForNavigation timeout: 5000
[2025-09-17T22:36:33.923+08:00] waitForNavigation end
[2025-09-17T22:36:33.923+08:00] screenshotBase64 begin
[2025-09-17T22:36:33.991+08:00] screenshotBase64 end, cost: 68ms
[2025-09-17T22:36:33.991+08:00] waitForNavigation begin
[2025-09-17T22:36:33.991+08:00] waitForNavigation timeout: 5000
[2025-09-17T22:36:33.995+08:00] waitForNavigation end
[2025-09-17T22:36:33.995+08:00] evaluate function begin
[2025-09-17T22:36:34.001+08:00] evaluate function end
[2025-09-17T22:36:34.002+08:00] getElementsNodeTree end, cost: 7ms
[2025-09-17T22:36:34.002+08:00] waitForNavigation begin
[2025-09-17T22:36:34.002+08:00] waitForNavigation timeout: 5000
[2025-09-17T22:36:34.005+08:00] waitForNavigation end
[2025-09-17T22:36:34.206+08:00] mouse move to 1044, 312
[2025-09-17T22:36:34.208+08:00] mouse click 1044, 312, left, 1
[2025-09-17T22:36:34.209+08:00] waitForNavigation begin
[2025-09-17T22:36:34.210+08:00] waitForNavigation timeout: 5000
[2025-09-17T22:36:34.220+08:00] waitForNavigation end
[2025-09-17T22:36:34.220+08:00] screenshotBase64 begin
[2025-09-17T22:36:34.270+08:00] screenshotBase64 end, cost: 50ms
[2025-09-17T22:36:36.342+08:00] waitForNavigation begin
[2025-09-17T22:36:36.342+08:00] waitForNavigation timeout: 5000
[2025-09-17T22:36:36.345+08:00] waitForNavigation end
[2025-09-17T22:36:36.345+08:00] screenshotBase64 begin
[2025-09-17T22:36:36.408+08:00] screenshotBase64 end, cost: 63ms
[2025-09-17T22:36:36.408+08:00] waitForNavigation begin
[2025-09-17T22:36:36.408+08:00] waitForNavigation timeout: 5000
[2025-09-17T22:36:36.412+08:00] waitForNavigation end
[2025-09-17T22:36:36.412+08:00] evaluate function begin
[2025-09-17T22:36:36.420+08:00] evaluate function end
[2025-09-17T22:36:36.420+08:00] getElementsNodeTree end, cost: 8ms
[2025-09-17T22:36:41.472+08:00] waitForNavigation begin
[2025-09-17T22:36:41.472+08:00] waitForNavigation timeout: 5000
[2025-09-17T22:36:41.476+08:00] waitForNavigation end
[2025-09-17T22:36:41.476+08:00] screenshotBase64 begin
[2025-09-17T22:36:41.553+08:00] screenshotBase64 end, cost: 77ms
[2025-09-17T22:36:41.553+08:00] waitForNavigation begin
[2025-09-17T22:36:41.553+08:00] waitForNavigation timeout: 5000
[2025-09-17T22:36:41.560+08:00] waitForNavigation end
[2025-09-17T22:36:41.560+08:00] evaluate function begin
[2025-09-17T22:36:41.569+08:00] evaluate function end
[2025-09-17T22:36:41.569+08:00] getElementsNodeTree end, cost: 9ms
[2025-09-17T22:36:41.570+08:00] evaluate function begin
[2025-09-17T22:36:41.575+08:00] evaluate function end
[2025-09-17T22:36:41.577+08:00] waitForNavigation begin
[2025-09-17T22:36:41.577+08:00] waitForNavigation timeout: 5000
[2025-09-17T22:36:41.582+08:00] waitForNavigation end
[2025-09-17T22:36:41.582+08:00] screenshotBase64 begin
[2025-09-17T22:36:41.639+08:00] screenshotBase64 end, cost: 57ms
[2025-09-17T22:36:41.688+08:00] waitForNavigation begin
[2025-09-17T22:36:41.688+08:00] waitForNavigation timeout: 5000
[2025-09-17T22:36:41.693+08:00] waitForNavigation end
[2025-09-17T22:36:41.693+08:00] screenshotBase64 begin
[2025-09-17T22:36:41.755+08:00] screenshotBase64 end, cost: 62ms
[2025-09-17T22:36:41.756+08:00] waitForNavigation begin
[2025-09-17T22:36:41.756+08:00] waitForNavigation timeout: 5000
[2025-09-17T22:36:41.760+08:00] waitForNavigation end
[2025-09-17T22:36:41.760+08:00] evaluate function begin
[2025-09-17T22:36:41.768+08:00] evaluate function end
[2025-09-17T22:36:41.768+08:00] getElementsNodeTree end, cost: 8ms
[2025-09-17T22:36:41.768+08:00] waitForNavigation begin
[2025-09-17T22:36:41.768+08:00] waitForNavigation timeout: 5000
[2025-09-17T22:36:41.774+08:00] waitForNavigation end
[2025-09-17T22:36:41.984+08:00] clearInput begin
[2025-09-17T22:36:41.984+08:00] mouse move to 1140, 316
[2025-09-17T22:36:41.986+08:00] mouse click 1140, 316, left, 1
[2025-09-17T22:36:42.090+08:00] keyboard press [ { key: 'Backspace' } ]
[2025-09-17T22:36:42.092+08:00] clearInput end
[2025-09-17T22:36:42.092+08:00] waitForNavigation begin
[2025-09-17T22:36:42.092+08:00] waitForNavigation timeout: 5000
[2025-09-17T22:36:42.096+08:00] waitForNavigation end
[2025-09-17T22:36:42.096+08:00] screenshotBase64 begin
[2025-09-17T22:36:42.159+08:00] screenshotBase64 end, cost: 63ms
[2025-09-17T22:36:42.237+08:00] waitForNavigation begin
[2025-09-17T22:36:42.237+08:00] waitForNavigation timeout: 5000
[2025-09-17T22:36:42.246+08:00] waitForNavigation end
[2025-09-17T22:36:42.246+08:00] screenshotBase64 begin
[2025-09-17T22:36:42.306+08:00] screenshotBase64 end, cost: 60ms
[2025-09-17T22:36:42.306+08:00] waitForNavigation begin
[2025-09-17T22:36:42.306+08:00] waitForNavigation timeout: 5000
[2025-09-17T22:36:42.312+08:00] waitForNavigation end
[2025-09-17T22:36:42.312+08:00] evaluate function begin
[2025-09-17T22:36:42.320+08:00] evaluate function end
[2025-09-17T22:36:42.320+08:00] getElementsNodeTree end, cost: 8ms
[2025-09-17T22:36:50.153+08:00] waitForNavigation begin
[2025-09-17T22:36:50.153+08:00] waitForNavigation timeout: 5000
[2025-09-17T22:36:50.158+08:00] waitForNavigation end
[2025-09-17T22:36:50.159+08:00] screenshotBase64 begin
[2025-09-17T22:36:50.229+08:00] screenshotBase64 end, cost: 70ms
[2025-09-17T22:36:50.229+08:00] waitForNavigation begin
[2025-09-17T22:36:50.229+08:00] waitForNavigation timeout: 5000
[2025-09-17T22:36:50.236+08:00] waitForNavigation end
[2025-09-17T22:36:50.236+08:00] evaluate function begin
[2025-09-17T22:36:50.244+08:00] evaluate function end
[2025-09-17T22:36:50.244+08:00] getElementsNodeTree end, cost: 8ms
[2025-09-17T22:36:50.244+08:00] evaluate function begin
[2025-09-17T22:36:50.246+08:00] evaluate function end
[2025-09-17T22:36:50.247+08:00] waitForNavigation begin
[2025-09-17T22:36:50.247+08:00] waitForNavigation timeout: 5000
[2025-09-17T22:36:50.250+08:00] waitForNavigation end
[2025-09-17T22:36:50.250+08:00] screenshotBase64 begin
[2025-09-17T22:36:50.306+08:00] screenshotBase64 end, cost: 56ms
[2025-09-17T22:36:50.352+08:00] waitForNavigation begin
[2025-09-17T22:36:50.352+08:00] waitForNavigation timeout: 5000
[2025-09-17T22:36:50.355+08:00] waitForNavigation end
[2025-09-17T22:36:50.355+08:00] screenshotBase64 begin
[2025-09-17T22:36:50.422+08:00] screenshotBase64 end, cost: 67ms
[2025-09-17T22:36:50.423+08:00] waitForNavigation begin
[2025-09-17T22:36:50.423+08:00] waitForNavigation timeout: 5000
[2025-09-17T22:36:50.428+08:00] waitForNavigation end
[2025-09-17T22:36:50.428+08:00] evaluate function begin
[2025-09-17T22:36:50.437+08:00] evaluate function end
[2025-09-17T22:36:50.437+08:00] getElementsNodeTree end, cost: 9ms
[2025-09-17T22:36:50.437+08:00] waitForNavigation begin
[2025-09-17T22:36:50.437+08:00] waitForNavigation timeout: 5000
[2025-09-17T22:36:50.441+08:00] waitForNavigation end
[2025-09-17T22:36:50.655+08:00] clearInput begin
[2025-09-17T22:36:50.655+08:00] mouse move to 1140, 316
[2025-09-17T22:36:50.657+08:00] mouse click 1140, 316, left, 1
[2025-09-17T22:36:50.772+08:00] keyboard press [ { key: 'Backspace' } ]
[2025-09-17T22:36:50.779+08:00] clearInput end
[2025-09-17T22:36:50.779+08:00] keyboard type qa123456
[2025-09-17T22:36:51.523+08:00] waitForNavigation begin
[2025-09-17T22:36:51.523+08:00] waitForNavigation timeout: 5000
[2025-09-17T22:36:51.527+08:00] waitForNavigation end
[2025-09-17T22:36:51.527+08:00] screenshotBase64 begin
[2025-09-17T22:36:51.589+08:00] screenshotBase64 end, cost: 62ms
[2025-09-17T22:36:51.640+08:00] waitForNavigation begin
[2025-09-17T22:36:51.640+08:00] waitForNavigation timeout: 5000
[2025-09-17T22:36:51.646+08:00] waitForNavigation end
[2025-09-17T22:36:51.646+08:00] screenshotBase64 begin
[2025-09-17T22:36:51.705+08:00] screenshotBase64 end, cost: 59ms
[2025-09-17T22:36:51.705+08:00] waitForNavigation begin
[2025-09-17T22:36:51.705+08:00] waitForNavigation timeout: 5000
[2025-09-17T22:36:51.709+08:00] waitForNavigation end
[2025-09-17T22:36:51.709+08:00] evaluate function begin
[2025-09-17T22:36:51.716+08:00] evaluate function end
[2025-09-17T22:36:51.716+08:00] getElementsNodeTree end, cost: 7ms
[2025-09-17T22:36:56.397+08:00] waitForNavigation begin
[2025-09-17T22:36:56.397+08:00] waitForNavigation timeout: 5000
[2025-09-17T22:36:56.406+08:00] waitForNavigation end
[2025-09-17T22:36:56.406+08:00] screenshotBase64 begin
[2025-09-17T22:36:56.476+08:00] screenshotBase64 end, cost: 70ms
[2025-09-17T22:36:56.477+08:00] waitForNavigation begin
[2025-09-17T22:36:56.477+08:00] waitForNavigation timeout: 5000
[2025-09-17T22:36:56.483+08:00] waitForNavigation end
[2025-09-17T22:36:56.483+08:00] evaluate function begin
[2025-09-17T22:36:56.490+08:00] evaluate function end
[2025-09-17T22:36:56.490+08:00] getElementsNodeTree end, cost: 7ms
[2025-09-17T22:37:00.368+08:00] evaluate function begin
[2025-09-17T22:37:00.374+08:00] evaluate function end
[2025-09-17T22:37:00.376+08:00] waitForNavigation begin
[2025-09-17T22:37:00.376+08:00] waitForNavigation timeout: 5000
[2025-09-17T22:37:00.382+08:00] waitForNavigation end
[2025-09-17T22:37:00.382+08:00] screenshotBase64 begin
[2025-09-17T22:37:00.462+08:00] screenshotBase64 end, cost: 80ms
[2025-09-17T22:37:00.511+08:00] waitForNavigation begin
[2025-09-17T22:37:00.511+08:00] waitForNavigation timeout: 5000
[2025-09-17T22:37:00.517+08:00] waitForNavigation end
[2025-09-17T22:37:00.517+08:00] screenshotBase64 begin
[2025-09-17T22:37:00.572+08:00] screenshotBase64 end, cost: 55ms
[2025-09-17T22:37:00.573+08:00] waitForNavigation begin
[2025-09-17T22:37:00.573+08:00] waitForNavigation timeout: 5000
[2025-09-17T22:37:00.579+08:00] waitForNavigation end
[2025-09-17T22:37:00.579+08:00] evaluate function begin
[2025-09-17T22:37:00.587+08:00] evaluate function end
[2025-09-17T22:37:00.587+08:00] getElementsNodeTree end, cost: 8ms
[2025-09-17T22:37:00.587+08:00] waitForNavigation begin
[2025-09-17T22:37:00.587+08:00] waitForNavigation timeout: 5000
[2025-09-17T22:37:00.591+08:00] waitForNavigation end
[2025-09-17T22:37:00.805+08:00] mouse move to 1120, 377
[2025-09-17T22:37:00.808+08:00] mouse click 1120, 377, left, 1
[2025-09-17T22:37:00.809+08:00] waitForNavigation begin
[2025-09-17T22:37:00.809+08:00] waitForNavigation timeout: 5000
[2025-09-17T22:37:00.817+08:00] waitForNavigation end
[2025-09-17T22:37:00.817+08:00] screenshotBase64 begin
[2025-09-17T22:37:00.876+08:00] screenshotBase64 end, cost: 59ms
[2025-09-17T22:37:00.965+08:00] waitForNavigation begin
[2025-09-17T22:37:00.965+08:00] waitForNavigation timeout: 5000
[2025-09-17T22:37:00.976+08:00] waitForNavigation end
[2025-09-17T22:37:00.976+08:00] screenshotBase64 begin
[2025-09-17T22:37:01.042+08:00] screenshotBase64 end, cost: 66ms
[2025-09-17T22:37:01.042+08:00] waitForNavigation begin
[2025-09-17T22:37:01.042+08:00] waitForNavigation timeout: 5000
[2025-09-17T22:37:01.046+08:00] waitForNavigation end
[2025-09-17T22:37:01.046+08:00] evaluate function begin
[2025-09-17T22:37:01.054+08:00] evaluate function end
[2025-09-17T22:37:01.054+08:00] getElementsNodeTree end, cost: 8ms
[2025-09-18T10:38:44.077+08:00] waitForNavigation begin
[2025-09-18T10:38:44.077+08:00] waitForNavigation timeout: 5000
[2025-09-18T10:38:44.090+08:00] waitForNavigation end
[2025-09-18T10:38:44.090+08:00] screenshotBase64 begin
[2025-09-18T10:38:44.170+08:00] screenshotBase64 end, cost: 80ms
[2025-09-18T10:38:44.170+08:00] evaluate function begin
[2025-09-18T10:38:44.171+08:00] evaluate function end
[2025-09-18T10:38:44.172+08:00] waitForNavigation begin
[2025-09-18T10:38:44.173+08:00] waitForNavigation timeout: 5000
[2025-09-18T10:38:44.179+08:00] waitForNavigation end
[2025-09-18T10:38:44.179+08:00] evaluate function begin
[2025-09-18T10:38:44.190+08:00] evaluate function end
[2025-09-18T10:38:44.190+08:00] getElementsNodeTree end, cost: 11ms
[2025-09-18T10:38:49.416+08:00] waitForNavigation begin
[2025-09-18T10:38:49.416+08:00] waitForNavigation timeout: 5000
[2025-09-18T10:38:49.421+08:00] waitForNavigation end
[2025-09-18T10:38:49.421+08:00] screenshotBase64 begin
[2025-09-18T10:38:49.500+08:00] screenshotBase64 end, cost: 79ms
[2025-09-18T10:38:49.500+08:00] waitForNavigation begin
[2025-09-18T10:38:49.500+08:00] waitForNavigation timeout: 5000
[2025-09-18T10:38:49.504+08:00] waitForNavigation end
[2025-09-18T10:38:49.504+08:00] evaluate function begin
[2025-09-18T10:38:49.511+08:00] evaluate function end
[2025-09-18T10:38:49.512+08:00] getElementsNodeTree end, cost: 8ms
[2025-09-18T10:38:49.512+08:00] evaluate function begin
[2025-09-18T10:38:49.516+08:00] evaluate function end
[2025-09-18T10:38:49.519+08:00] waitForNavigation begin
[2025-09-18T10:38:49.519+08:00] waitForNavigation timeout: 5000
[2025-09-18T10:38:49.524+08:00] waitForNavigation end
[2025-09-18T10:38:49.524+08:00] screenshotBase64 begin
[2025-09-18T10:38:49.601+08:00] screenshotBase64 end, cost: 77ms
[2025-09-18T10:38:49.648+08:00] waitForNavigation begin
[2025-09-18T10:38:49.648+08:00] waitForNavigation timeout: 5000
[2025-09-18T10:38:49.652+08:00] waitForNavigation end
[2025-09-18T10:38:49.652+08:00] screenshotBase64 begin
[2025-09-18T10:38:49.713+08:00] screenshotBase64 end, cost: 61ms
[2025-09-18T10:38:49.713+08:00] waitForNavigation begin
[2025-09-18T10:38:49.713+08:00] waitForNavigation timeout: 5000
[2025-09-18T10:38:49.717+08:00] waitForNavigation end
[2025-09-18T10:38:49.717+08:00] evaluate function begin
[2025-09-18T10:38:49.723+08:00] evaluate function end
[2025-09-18T10:38:49.723+08:00] getElementsNodeTree end, cost: 6ms
[2025-09-18T10:38:49.723+08:00] waitForNavigation begin
[2025-09-18T10:38:49.723+08:00] waitForNavigation timeout: 5000
[2025-09-18T10:38:49.730+08:00] waitForNavigation end
[2025-09-18T10:38:49.941+08:00] clearInput begin
[2025-09-18T10:38:49.941+08:00] mouse move to 1140, 254
[2025-09-18T10:38:49.943+08:00] mouse click 1140, 254, left, 1
[2025-09-18T10:38:50.057+08:00] keyboard press [ { key: 'Backspace' } ]
[2025-09-18T10:38:50.060+08:00] clearInput end
[2025-09-18T10:38:50.060+08:00] keyboard type qlt_test
[2025-09-18T10:38:50.776+08:00] waitForNavigation begin
[2025-09-18T10:38:50.776+08:00] waitForNavigation timeout: 5000
[2025-09-18T10:38:50.781+08:00] waitForNavigation end
[2025-09-18T10:38:50.781+08:00] screenshotBase64 begin
[2025-09-18T10:38:50.848+08:00] screenshotBase64 end, cost: 67ms
[2025-09-18T10:38:50.904+08:00] waitForNavigation begin
[2025-09-18T10:38:50.904+08:00] waitForNavigation timeout: 5000
[2025-09-18T10:38:50.913+08:00] waitForNavigation end
[2025-09-18T10:38:50.913+08:00] screenshotBase64 begin
[2025-09-18T10:38:50.991+08:00] screenshotBase64 end, cost: 78ms
[2025-09-18T10:38:50.991+08:00] waitForNavigation begin
[2025-09-18T10:38:50.991+08:00] waitForNavigation timeout: 5000
[2025-09-18T10:38:50.996+08:00] waitForNavigation end
[2025-09-18T10:38:50.996+08:00] evaluate function begin
[2025-09-18T10:38:51.003+08:00] evaluate function end
[2025-09-18T10:38:51.003+08:00] getElementsNodeTree end, cost: 7ms
[2025-09-18T10:38:54.285+08:00] waitForNavigation begin
[2025-09-18T10:38:54.285+08:00] waitForNavigation timeout: 5000
[2025-09-18T10:38:54.292+08:00] waitForNavigation end
[2025-09-18T10:38:54.292+08:00] screenshotBase64 begin
[2025-09-18T10:38:54.364+08:00] screenshotBase64 end, cost: 72ms
[2025-09-18T10:38:54.364+08:00] waitForNavigation begin
[2025-09-18T10:38:54.364+08:00] waitForNavigation timeout: 5000
[2025-09-18T10:38:54.369+08:00] waitForNavigation end
[2025-09-18T10:38:54.369+08:00] evaluate function begin
[2025-09-18T10:38:54.379+08:00] evaluate function end
[2025-09-18T10:38:54.379+08:00] getElementsNodeTree end, cost: 10ms
[2025-09-18T10:39:01.198+08:00] waitForNavigation begin
[2025-09-18T10:39:01.198+08:00] waitForNavigation timeout: 5000
[2025-09-18T10:39:01.201+08:00] waitForNavigation end
[2025-09-18T10:39:01.201+08:00] screenshotBase64 begin
[2025-09-18T10:39:01.266+08:00] screenshotBase64 end, cost: 65ms
[2025-09-18T10:39:01.266+08:00] waitForNavigation begin
[2025-09-18T10:39:01.266+08:00] waitForNavigation timeout: 5000
[2025-09-18T10:39:01.269+08:00] waitForNavigation end
[2025-09-18T10:39:01.269+08:00] evaluate function begin
[2025-09-18T10:39:01.277+08:00] evaluate function end
[2025-09-18T10:39:01.278+08:00] getElementsNodeTree end, cost: 9ms
[2025-09-18T10:39:01.323+08:00] waitForNavigation begin
[2025-09-18T10:39:01.323+08:00] waitForNavigation timeout: 5000
[2025-09-18T10:39:01.328+08:00] waitForNavigation end
[2025-09-18T10:39:01.328+08:00] screenshotBase64 begin
[2025-09-18T10:39:01.400+08:00] screenshotBase64 end, cost: 72ms
[2025-09-18T10:39:01.401+08:00] waitForNavigation begin
[2025-09-18T10:39:01.401+08:00] waitForNavigation timeout: 5000
[2025-09-18T10:39:01.405+08:00] waitForNavigation end
[2025-09-18T10:39:01.405+08:00] evaluate function begin
[2025-09-18T10:39:01.412+08:00] evaluate function end
[2025-09-18T10:39:01.412+08:00] getElementsNodeTree end, cost: 7ms
[2025-09-18T10:39:01.412+08:00] evaluate function begin
[2025-09-18T10:39:01.415+08:00] evaluate function end
[2025-09-18T10:39:01.416+08:00] waitForNavigation begin
[2025-09-18T10:39:01.416+08:00] waitForNavigation timeout: 5000
[2025-09-18T10:39:01.420+08:00] waitForNavigation end
[2025-09-18T10:39:01.420+08:00] screenshotBase64 begin
[2025-09-18T10:39:01.495+08:00] screenshotBase64 end, cost: 75ms
[2025-09-18T10:39:01.540+08:00] waitForNavigation begin
[2025-09-18T10:39:01.540+08:00] waitForNavigation timeout: 5000
[2025-09-18T10:39:01.543+08:00] waitForNavigation end
[2025-09-18T10:39:01.543+08:00] screenshotBase64 begin
[2025-09-18T10:39:01.615+08:00] screenshotBase64 end, cost: 72ms
[2025-09-18T10:39:01.615+08:00] waitForNavigation begin
[2025-09-18T10:39:01.615+08:00] waitForNavigation timeout: 5000
[2025-09-18T10:39:01.619+08:00] waitForNavigation end
[2025-09-18T10:39:01.619+08:00] evaluate function begin
[2025-09-18T10:39:01.626+08:00] evaluate function end
[2025-09-18T10:39:01.626+08:00] getElementsNodeTree end, cost: 7ms
[2025-09-18T10:39:01.626+08:00] waitForNavigation begin
[2025-09-18T10:39:01.626+08:00] waitForNavigation timeout: 5000
[2025-09-18T10:39:01.630+08:00] waitForNavigation end
[2025-09-18T10:39:01.839+08:00] mouse move to 1045, 308
[2025-09-18T10:39:01.841+08:00] mouse click 1045, 308, left, 1
[2025-09-18T10:39:01.842+08:00] waitForNavigation begin
[2025-09-18T10:39:01.842+08:00] waitForNavigation timeout: 5000
[2025-09-18T10:39:01.849+08:00] waitForNavigation end
[2025-09-18T10:39:01.850+08:00] screenshotBase64 begin
[2025-09-18T10:39:01.931+08:00] screenshotBase64 end, cost: 81ms
[2025-09-18T10:39:01.999+08:00] waitForNavigation begin
[2025-09-18T10:39:01.999+08:00] waitForNavigation timeout: 5000
[2025-09-18T10:39:02.003+08:00] waitForNavigation end
[2025-09-18T10:39:02.003+08:00] screenshotBase64 begin
[2025-09-18T10:39:02.084+08:00] screenshotBase64 end, cost: 81ms
[2025-09-18T10:39:02.084+08:00] waitForNavigation begin
[2025-09-18T10:39:02.084+08:00] waitForNavigation timeout: 5000
[2025-09-18T10:39:02.088+08:00] waitForNavigation end
[2025-09-18T10:39:02.088+08:00] evaluate function begin
[2025-09-18T10:39:02.096+08:00] evaluate function end
[2025-09-18T10:39:02.096+08:00] getElementsNodeTree end, cost: 8ms
[2025-09-18T10:39:09.333+08:00] waitForNavigation begin
[2025-09-18T10:39:09.333+08:00] waitForNavigation timeout: 5000
[2025-09-18T10:39:09.337+08:00] waitForNavigation end
[2025-09-18T10:39:09.337+08:00] screenshotBase64 begin
[2025-09-18T10:39:09.397+08:00] screenshotBase64 end, cost: 60ms
[2025-09-18T10:39:09.397+08:00] waitForNavigation begin
[2025-09-18T10:39:09.397+08:00] waitForNavigation timeout: 5000
[2025-09-18T10:39:09.401+08:00] waitForNavigation end
[2025-09-18T10:39:09.401+08:00] evaluate function begin
[2025-09-18T10:39:09.408+08:00] evaluate function end
[2025-09-18T10:39:09.408+08:00] getElementsNodeTree end, cost: 7ms
[2025-09-18T10:39:09.408+08:00] evaluate function begin
[2025-09-18T10:39:09.431+08:00] evaluate function end
[2025-09-18T10:39:09.433+08:00] waitForNavigation begin
[2025-09-18T10:39:09.433+08:00] waitForNavigation timeout: 5000
[2025-09-18T10:39:09.436+08:00] waitForNavigation end
[2025-09-18T10:39:09.436+08:00] screenshotBase64 begin
[2025-09-18T10:39:09.490+08:00] screenshotBase64 end, cost: 54ms
[2025-09-18T10:39:09.535+08:00] waitForNavigation begin
[2025-09-18T10:39:09.535+08:00] waitForNavigation timeout: 5000
[2025-09-18T10:39:09.539+08:00] waitForNavigation end
[2025-09-18T10:39:09.539+08:00] screenshotBase64 begin
[2025-09-18T10:39:09.615+08:00] screenshotBase64 end, cost: 76ms
[2025-09-18T10:39:09.615+08:00] waitForNavigation begin
[2025-09-18T10:39:09.615+08:00] waitForNavigation timeout: 5000
[2025-09-18T10:39:09.620+08:00] waitForNavigation end
[2025-09-18T10:39:09.621+08:00] evaluate function begin
[2025-09-18T10:39:09.629+08:00] evaluate function end
[2025-09-18T10:39:09.629+08:00] getElementsNodeTree end, cost: 8ms
[2025-09-18T10:39:09.629+08:00] waitForNavigation begin
[2025-09-18T10:39:09.629+08:00] waitForNavigation timeout: 5000
[2025-09-18T10:39:09.632+08:00] waitForNavigation end
[2025-09-18T10:39:09.838+08:00] clearInput begin
[2025-09-18T10:39:09.838+08:00] mouse move to 1140, 316
[2025-09-18T10:39:09.856+08:00] mouse click 1140, 316, left, 1
[2025-09-18T10:39:09.971+08:00] keyboard press [ { key: 'Backspace' } ]
[2025-09-18T10:39:09.974+08:00] clearInput end
[2025-09-18T10:39:09.974+08:00] keyboard type qa123456
[2025-09-18T10:39:10.721+08:00] waitForNavigation begin
[2025-09-18T10:39:10.721+08:00] waitForNavigation timeout: 5000
[2025-09-18T10:39:10.726+08:00] waitForNavigation end
[2025-09-18T10:39:10.726+08:00] screenshotBase64 begin
[2025-09-18T10:39:10.797+08:00] screenshotBase64 end, cost: 71ms
[2025-09-18T10:39:10.867+08:00] waitForNavigation begin
[2025-09-18T10:39:10.867+08:00] waitForNavigation timeout: 5000
[2025-09-18T10:39:10.874+08:00] waitForNavigation end
[2025-09-18T10:39:10.874+08:00] screenshotBase64 begin
[2025-09-18T10:39:10.949+08:00] screenshotBase64 end, cost: 75ms
[2025-09-18T10:39:10.949+08:00] waitForNavigation begin
[2025-09-18T10:39:10.950+08:00] waitForNavigation timeout: 5000
[2025-09-18T10:39:10.953+08:00] waitForNavigation end
[2025-09-18T10:39:10.953+08:00] evaluate function begin
[2025-09-18T10:39:10.961+08:00] evaluate function end
[2025-09-18T10:39:10.961+08:00] getElementsNodeTree end, cost: 8ms
[2025-09-18T10:39:13.565+08:00] evaluate function begin
[2025-09-18T10:39:13.573+08:00] evaluate function end
[2025-09-18T10:39:13.574+08:00] waitForNavigation begin
[2025-09-18T10:39:13.574+08:00] waitForNavigation timeout: 5000
[2025-09-18T10:39:13.580+08:00] waitForNavigation end
[2025-09-18T10:39:13.580+08:00] screenshotBase64 begin
[2025-09-18T10:39:13.654+08:00] screenshotBase64 end, cost: 74ms
[2025-09-18T10:39:13.700+08:00] waitForNavigation begin
[2025-09-18T10:39:13.700+08:00] waitForNavigation timeout: 5000
[2025-09-18T10:39:13.705+08:00] waitForNavigation end
[2025-09-18T10:39:13.705+08:00] screenshotBase64 begin
[2025-09-18T10:39:13.780+08:00] screenshotBase64 end, cost: 75ms
[2025-09-18T10:39:13.780+08:00] waitForNavigation begin
[2025-09-18T10:39:13.780+08:00] waitForNavigation timeout: 5000
[2025-09-18T10:39:13.783+08:00] waitForNavigation end
[2025-09-18T10:39:13.783+08:00] evaluate function begin
[2025-09-18T10:39:13.791+08:00] evaluate function end
[2025-09-18T10:39:13.791+08:00] getElementsNodeTree end, cost: 8ms
[2025-09-18T10:39:13.791+08:00] waitForNavigation begin
[2025-09-18T10:39:13.791+08:00] waitForNavigation timeout: 5000
[2025-09-18T10:39:13.794+08:00] waitForNavigation end
[2025-09-18T10:39:14.007+08:00] mouse move to 1120, 377
[2025-09-18T10:39:14.009+08:00] mouse click 1120, 377, left, 1
[2025-09-18T10:39:14.010+08:00] waitForNavigation begin
[2025-09-18T10:39:14.010+08:00] waitForNavigation timeout: 5000
[2025-09-18T10:39:14.017+08:00] waitForNavigation end
[2025-09-18T10:39:14.017+08:00] screenshotBase64 begin
[2025-09-18T10:39:14.094+08:00] screenshotBase64 end, cost: 77ms
[2025-09-18T10:39:14.168+08:00] waitForNavigation begin
[2025-09-18T10:39:14.168+08:00] waitForNavigation timeout: 5000
[2025-09-18T10:39:14.201+08:00] waitForNavigation end
[2025-09-18T10:39:14.201+08:00] screenshotBase64 begin
[2025-09-18T10:39:14.575+08:00] screenshotBase64 end, cost: 374ms
[2025-09-18T10:39:14.575+08:00] waitForNavigation begin
[2025-09-18T10:39:14.575+08:00] waitForNavigation timeout: 5000
[2025-09-18T10:39:14.581+08:00] waitForNavigation end
[2025-09-18T10:39:14.581+08:00] evaluate function begin
[2025-09-18T10:39:14.607+08:00] evaluate function end
[2025-09-18T10:39:14.607+08:00] getElementsNodeTree end, cost: 26ms
[2025-09-18T10:39:17.943+08:00] evaluate function begin
[2025-09-18T10:39:17.949+08:00] evaluate function end
[2025-09-18T10:39:17.950+08:00] waitForNavigation begin
[2025-09-18T10:39:17.950+08:00] waitForNavigation timeout: 5000
[2025-09-18T10:39:17.954+08:00] waitForNavigation end
[2025-09-18T10:39:17.954+08:00] screenshotBase64 begin
[2025-09-18T10:39:18.049+08:00] screenshotBase64 end, cost: 95ms
[2025-09-18T10:39:18.091+08:00] waitForNavigation begin
[2025-09-18T10:39:18.091+08:00] waitForNavigation timeout: 5000
[2025-09-18T10:39:18.094+08:00] waitForNavigation end
[2025-09-18T10:39:18.094+08:00] screenshotBase64 begin
[2025-09-18T10:39:18.169+08:00] screenshotBase64 end, cost: 75ms
[2025-09-18T10:39:18.169+08:00] waitForNavigation begin
[2025-09-18T10:39:18.169+08:00] waitForNavigation timeout: 5000
[2025-09-18T10:39:18.173+08:00] waitForNavigation end
[2025-09-18T10:39:18.173+08:00] evaluate function begin
[2025-09-18T10:39:18.210+08:00] evaluate function end
[2025-09-18T10:39:18.210+08:00] getElementsNodeTree end, cost: 37ms
[2025-09-18T10:39:18.210+08:00] waitForNavigation begin
[2025-09-18T10:39:18.210+08:00] waitForNavigation timeout: 5000
[2025-09-18T10:39:18.214+08:00] waitForNavigation end
[2025-09-18T10:39:18.422+08:00] mouse move to 19, 125
[2025-09-18T10:39:18.427+08:00] mouse click 19, 125, left, 1
[2025-09-18T10:39:18.428+08:00] waitForNavigation begin
[2025-09-18T10:39:18.428+08:00] waitForNavigation timeout: 5000
[2025-09-18T10:39:18.435+08:00] waitForNavigation end
[2025-09-18T10:39:18.435+08:00] screenshotBase64 begin
[2025-09-18T10:39:18.516+08:00] screenshotBase64 end, cost: 81ms
[2025-09-18T10:39:18.599+08:00] waitForNavigation begin
[2025-09-18T10:39:18.599+08:00] waitForNavigation timeout: 5000
[2025-09-18T10:39:18.608+08:00] waitForNavigation end
[2025-09-18T10:39:18.608+08:00] screenshotBase64 begin
[2025-09-18T10:39:18.706+08:00] screenshotBase64 end, cost: 98ms
[2025-09-18T10:39:18.706+08:00] waitForNavigation begin
[2025-09-18T10:39:18.706+08:00] waitForNavigation timeout: 5000
[2025-09-18T10:39:18.714+08:00] waitForNavigation end
[2025-09-18T10:39:18.714+08:00] evaluate function begin
[2025-09-18T10:39:18.749+08:00] evaluate function end
[2025-09-18T10:39:18.750+08:00] getElementsNodeTree end, cost: 36ms
[2025-09-18T10:39:21.492+08:00] evaluate function begin
[2025-09-18T10:39:21.499+08:00] evaluate function end
[2025-09-18T10:39:21.501+08:00] waitForNavigation begin
[2025-09-18T10:39:21.501+08:00] waitForNavigation timeout: 5000
[2025-09-18T10:39:21.504+08:00] waitForNavigation end
[2025-09-18T10:39:21.505+08:00] screenshotBase64 begin
[2025-09-18T10:39:21.601+08:00] screenshotBase64 end, cost: 96ms
[2025-09-18T10:39:21.647+08:00] waitForNavigation begin
[2025-09-18T10:39:21.647+08:00] waitForNavigation timeout: 5000
[2025-09-18T10:39:21.650+08:00] waitForNavigation end
[2025-09-18T10:39:21.650+08:00] screenshotBase64 begin
[2025-09-18T10:39:21.719+08:00] screenshotBase64 end, cost: 69ms
[2025-09-18T10:39:21.719+08:00] waitForNavigation begin
[2025-09-18T10:39:21.719+08:00] waitForNavigation timeout: 5000
[2025-09-18T10:39:21.724+08:00] waitForNavigation end
[2025-09-18T10:39:21.724+08:00] evaluate function begin
[2025-09-18T10:39:21.757+08:00] evaluate function end
[2025-09-18T10:39:21.757+08:00] getElementsNodeTree end, cost: 33ms
[2025-09-18T10:39:21.757+08:00] waitForNavigation begin
[2025-09-18T10:39:21.758+08:00] waitForNavigation timeout: 5000
[2025-09-18T10:39:21.761+08:00] waitForNavigation end
[2025-09-18T10:39:21.972+08:00] mouse move to 133, 106.5
[2025-09-18T10:39:21.976+08:00] mouse click 133, 106.5, left, 1
[2025-09-18T10:39:21.976+08:00] waitForNavigation begin
[2025-09-18T10:39:21.976+08:00] waitForNavigation timeout: 5000
[2025-09-18T10:39:22.063+08:00] waitForNavigation end
[2025-09-18T10:39:22.063+08:00] screenshotBase64 begin
[2025-09-18T10:39:22.215+08:00] screenshotBase64 end, cost: 152ms
[2025-09-18T10:39:22.254+08:00] waitForNavigation begin
[2025-09-18T10:39:22.254+08:00] waitForNavigation timeout: 5000
[2025-09-18T10:39:22.262+08:00] waitForNavigation end
[2025-09-18T10:39:22.262+08:00] screenshotBase64 begin
[2025-09-18T10:39:22.350+08:00] screenshotBase64 end, cost: 88ms
[2025-09-18T10:39:22.397+08:00] waitForNavigation begin
[2025-09-18T10:39:22.397+08:00] waitForNavigation timeout: 5000
[2025-09-18T10:39:22.401+08:00] waitForNavigation end
[2025-09-18T10:39:22.401+08:00] screenshotBase64 begin
[2025-09-18T10:39:22.464+08:00] screenshotBase64 end, cost: 63ms
[2025-09-18T10:39:22.464+08:00] waitForNavigation begin
[2025-09-18T10:39:22.464+08:00] waitForNavigation timeout: 5000
[2025-09-18T10:39:22.468+08:00] waitForNavigation end
[2025-09-18T10:39:22.468+08:00] evaluate function begin
[2025-09-18T10:39:22.489+08:00] evaluate function end
[2025-09-18T10:39:22.489+08:00] getElementsNodeTree end, cost: 21ms
[2025-09-18T10:39:22.533+08:00] waitForNavigation begin
[2025-09-18T10:39:22.533+08:00] waitForNavigation timeout: 5000
[2025-09-18T10:39:22.537+08:00] waitForNavigation end
[2025-09-18T10:39:22.537+08:00] screenshotBase64 begin
[2025-09-18T10:39:22.614+08:00] screenshotBase64 end, cost: 77ms
[2025-09-18T10:39:22.614+08:00] waitForNavigation begin
[2025-09-18T10:39:22.614+08:00] waitForNavigation timeout: 5000
[2025-09-18T10:39:22.618+08:00] waitForNavigation end
[2025-09-18T10:39:22.618+08:00] evaluate function begin
[2025-09-18T10:39:22.634+08:00] evaluate function end
[2025-09-18T10:39:22.634+08:00] getElementsNodeTree end, cost: 16ms
[2025-09-18T10:39:26.067+08:00] waitForNavigation begin
[2025-09-18T10:39:26.067+08:00] waitForNavigation timeout: 5000
[2025-09-18T10:39:26.072+08:00] waitForNavigation end
[2025-09-18T10:39:26.072+08:00] screenshotBase64 begin
[2025-09-18T10:39:26.167+08:00] screenshotBase64 end, cost: 95ms
[2025-09-18T10:39:26.167+08:00] waitForNavigation begin
[2025-09-18T10:39:26.167+08:00] waitForNavigation timeout: 5000
[2025-09-18T10:39:26.170+08:00] waitForNavigation end
[2025-09-18T10:39:26.170+08:00] evaluate function begin
[2025-09-18T10:39:26.209+08:00] evaluate function end
[2025-09-18T10:39:26.209+08:00] getElementsNodeTree end, cost: 39ms
[2025-09-18T10:39:28.324+08:00] evaluate function begin
[2025-09-18T10:39:28.344+08:00] evaluate function end
[2025-09-18T10:39:28.345+08:00] waitForNavigation begin
[2025-09-18T10:39:28.345+08:00] waitForNavigation timeout: 5000
[2025-09-18T10:39:28.349+08:00] waitForNavigation end
[2025-09-18T10:39:28.349+08:00] screenshotBase64 begin
[2025-09-18T10:39:28.433+08:00] screenshotBase64 end, cost: 84ms
[2025-09-18T10:39:28.476+08:00] waitForNavigation begin
[2025-09-18T10:39:28.476+08:00] waitForNavigation timeout: 5000
[2025-09-18T10:39:28.480+08:00] waitForNavigation end
[2025-09-18T10:39:28.480+08:00] screenshotBase64 begin
[2025-09-18T10:39:28.552+08:00] screenshotBase64 end, cost: 72ms
[2025-09-18T10:39:28.552+08:00] waitForNavigation begin
[2025-09-18T10:39:28.552+08:00] waitForNavigation timeout: 5000
[2025-09-18T10:39:28.558+08:00] waitForNavigation end
[2025-09-18T10:39:28.559+08:00] evaluate function begin
[2025-09-18T10:39:28.596+08:00] evaluate function end
[2025-09-18T10:39:28.596+08:00] getElementsNodeTree end, cost: 38ms
[2025-09-18T10:39:28.596+08:00] waitForNavigation begin
[2025-09-18T10:39:28.596+08:00] waitForNavigation timeout: 5000
[2025-09-18T10:39:28.599+08:00] waitForNavigation end
[2025-09-18T10:39:28.804+08:00] mouse move to 238, 145
[2025-09-18T10:39:28.809+08:00] mouse click 238, 145, left, 1
[2025-09-18T10:39:28.809+08:00] waitForNavigation begin
[2025-09-18T10:39:28.809+08:00] waitForNavigation timeout: 5000
[2025-09-18T10:39:29.384+08:00] waitForNavigation end
[2025-09-18T10:39:29.384+08:00] screenshotBase64 begin
[2025-09-18T10:39:29.498+08:00] screenshotBase64 end, cost: 114ms
[2025-09-18T10:39:30.600+08:00] waitForNavigation begin
[2025-09-18T10:39:30.600+08:00] waitForNavigation timeout: 5000
[2025-09-18T10:39:30.604+08:00] waitForNavigation end
[2025-09-18T10:39:30.604+08:00] screenshotBase64 begin
[2025-09-18T10:39:30.696+08:00] screenshotBase64 end, cost: 92ms
[2025-09-18T10:39:30.696+08:00] waitForNavigation begin
[2025-09-18T10:39:30.696+08:00] waitForNavigation timeout: 5000
[2025-09-18T10:39:30.700+08:00] waitForNavigation end
[2025-09-18T10:39:30.700+08:00] evaluate function begin
[2025-09-18T10:39:30.734+08:00] evaluate function end
[2025-09-18T10:39:30.734+08:00] getElementsNodeTree end, cost: 34ms
[2025-09-18T10:39:34.148+08:00] evaluate function begin
[2025-09-18T10:39:34.160+08:00] evaluate function end
[2025-09-18T10:39:34.162+08:00] waitForNavigation begin
[2025-09-18T10:39:34.162+08:00] waitForNavigation timeout: 5000
[2025-09-18T10:39:34.166+08:00] waitForNavigation end
[2025-09-18T10:39:34.166+08:00] screenshotBase64 begin
[2025-09-18T10:39:34.249+08:00] screenshotBase64 end, cost: 83ms
[2025-09-18T10:39:34.294+08:00] waitForNavigation begin
[2025-09-18T10:39:34.294+08:00] waitForNavigation timeout: 5000
[2025-09-18T10:39:34.298+08:00] waitForNavigation end
[2025-09-18T10:39:34.298+08:00] screenshotBase64 begin
[2025-09-18T10:39:34.362+08:00] screenshotBase64 end, cost: 64ms
[2025-09-18T10:39:34.362+08:00] waitForNavigation begin
[2025-09-18T10:39:34.362+08:00] waitForNavigation timeout: 5000
[2025-09-18T10:39:34.366+08:00] waitForNavigation end
[2025-09-18T10:39:34.366+08:00] evaluate function begin
[2025-09-18T10:39:34.396+08:00] evaluate function end
[2025-09-18T10:39:34.396+08:00] getElementsNodeTree end, cost: 30ms
[2025-09-18T10:39:34.396+08:00] waitForNavigation begin
[2025-09-18T10:39:34.396+08:00] waitForNavigation timeout: 5000
[2025-09-18T10:39:34.405+08:00] waitForNavigation end
[2025-09-18T10:39:34.612+08:00] mouse move to 672, 296
[2025-09-18T10:39:34.613+08:00] mouse click 672, 296, left, 1
[2025-09-18T10:39:34.614+08:00] waitForNavigation begin
[2025-09-18T10:39:34.614+08:00] waitForNavigation timeout: 5000
[2025-09-18T10:39:34.627+08:00] waitForNavigation end
[2025-09-18T10:39:34.627+08:00] screenshotBase64 begin
[2025-09-18T10:39:34.699+08:00] screenshotBase64 end, cost: 72ms
[2025-09-18T10:39:34.788+08:00] waitForNavigation begin
[2025-09-18T10:39:34.788+08:00] waitForNavigation timeout: 5000
[2025-09-18T10:39:34.797+08:00] waitForNavigation end
[2025-09-18T10:39:34.798+08:00] screenshotBase64 begin
[2025-09-18T10:39:34.860+08:00] screenshotBase64 end, cost: 62ms
[2025-09-18T10:39:34.860+08:00] waitForNavigation begin
[2025-09-18T10:39:34.860+08:00] waitForNavigation timeout: 5000
[2025-09-18T10:39:34.864+08:00] waitForNavigation end
[2025-09-18T10:39:34.864+08:00] evaluate function begin
[2025-09-18T10:39:34.899+08:00] evaluate function end
[2025-09-18T10:39:34.899+08:00] getElementsNodeTree end, cost: 35ms
[2025-09-18T10:39:39.599+08:00] waitForNavigation begin
[2025-09-18T10:39:39.599+08:00] waitForNavigation timeout: 5000
[2025-09-18T10:39:39.603+08:00] waitForNavigation end
[2025-09-18T10:39:39.603+08:00] screenshotBase64 begin
[2025-09-18T10:39:39.681+08:00] screenshotBase64 end, cost: 78ms
[2025-09-18T10:39:39.682+08:00] waitForNavigation begin
[2025-09-18T10:39:39.682+08:00] waitForNavigation timeout: 5000
[2025-09-18T10:39:39.686+08:00] waitForNavigation end
[2025-09-18T10:39:39.686+08:00] evaluate function begin
[2025-09-18T10:39:39.718+08:00] evaluate function end
[2025-09-18T10:39:39.718+08:00] getElementsNodeTree end, cost: 32ms
[2025-09-18T10:39:39.719+08:00] evaluate function begin
[2025-09-18T10:39:39.729+08:00] evaluate function end
[2025-09-18T10:39:39.731+08:00] waitForNavigation begin
[2025-09-18T10:39:39.731+08:00] waitForNavigation timeout: 5000
[2025-09-18T10:39:39.733+08:00] waitForNavigation end
[2025-09-18T10:39:39.733+08:00] screenshotBase64 begin
[2025-09-18T10:39:39.815+08:00] screenshotBase64 end, cost: 82ms
[2025-09-18T10:39:39.862+08:00] waitForNavigation begin
[2025-09-18T10:39:39.862+08:00] waitForNavigation timeout: 5000
[2025-09-18T10:39:39.867+08:00] waitForNavigation end
[2025-09-18T10:39:39.867+08:00] screenshotBase64 begin
[2025-09-18T10:39:39.931+08:00] screenshotBase64 end, cost: 64ms
[2025-09-18T10:39:39.931+08:00] waitForNavigation begin
[2025-09-18T10:39:39.931+08:00] waitForNavigation timeout: 5000
[2025-09-18T10:39:39.934+08:00] waitForNavigation end
[2025-09-18T10:39:39.934+08:00] evaluate function begin
[2025-09-18T10:39:39.965+08:00] evaluate function end
[2025-09-18T10:39:39.965+08:00] getElementsNodeTree end, cost: 31ms
[2025-09-18T10:39:39.965+08:00] waitForNavigation begin
[2025-09-18T10:39:39.965+08:00] waitForNavigation timeout: 5000
[2025-09-18T10:39:39.980+08:00] waitForNavigation end
[2025-09-18T10:39:40.188+08:00] clearInput begin
[2025-09-18T10:39:40.188+08:00] mouse move to 944, 147
[2025-09-18T10:39:40.191+08:00] mouse click 944, 147, left, 1
[2025-09-18T10:39:40.302+08:00] keyboard press [ { key: 'Backspace' } ]
[2025-09-18T10:39:40.306+08:00] clearInput end
[2025-09-18T10:39:40.306+08:00] keyboard type 20
[2025-09-18T10:39:40.496+08:00] waitForNavigation begin
[2025-09-18T10:39:40.496+08:00] waitForNavigation timeout: 5000
[2025-09-18T10:39:40.499+08:00] waitForNavigation end
[2025-09-18T10:39:40.499+08:00] screenshotBase64 begin
[2025-09-18T10:39:40.584+08:00] screenshotBase64 end, cost: 85ms
[2025-09-18T10:39:40.644+08:00] waitForNavigation begin
[2025-09-18T10:39:40.644+08:00] waitForNavigation timeout: 5000
[2025-09-18T10:39:40.652+08:00] waitForNavigation end
[2025-09-18T10:39:40.652+08:00] screenshotBase64 begin
[2025-09-18T10:39:40.715+08:00] screenshotBase64 end, cost: 63ms
[2025-09-18T10:39:40.715+08:00] waitForNavigation begin
[2025-09-18T10:39:40.715+08:00] waitForNavigation timeout: 5000
[2025-09-18T10:39:40.718+08:00] waitForNavigation end
[2025-09-18T10:39:40.718+08:00] evaluate function begin
[2025-09-18T10:39:40.749+08:00] evaluate function end
[2025-09-18T10:39:40.749+08:00] getElementsNodeTree end, cost: 31ms
[2025-09-18T10:39:44.152+08:00] waitForNavigation begin
[2025-09-18T10:39:44.152+08:00] waitForNavigation timeout: 5000
[2025-09-18T10:39:44.163+08:00] waitForNavigation end
[2025-09-18T10:39:44.163+08:00] screenshotBase64 begin
[2025-09-18T10:39:44.237+08:00] screenshotBase64 end, cost: 74ms
[2025-09-18T10:39:44.238+08:00] waitForNavigation begin
[2025-09-18T10:39:44.238+08:00] waitForNavigation timeout: 5000
[2025-09-18T10:39:44.243+08:00] waitForNavigation end
[2025-09-18T10:39:44.243+08:00] evaluate function begin
[2025-09-18T10:39:44.278+08:00] evaluate function end
[2025-09-18T10:39:44.278+08:00] getElementsNodeTree end, cost: 35ms
[2025-09-18T10:39:48.252+08:00] waitForNavigation begin
[2025-09-18T10:39:48.252+08:00] waitForNavigation timeout: 5000
[2025-09-18T10:39:48.256+08:00] waitForNavigation end
[2025-09-18T10:39:48.256+08:00] screenshotBase64 begin
[2025-09-18T10:39:48.329+08:00] screenshotBase64 end, cost: 73ms
[2025-09-18T10:39:48.329+08:00] waitForNavigation begin
[2025-09-18T10:39:48.329+08:00] waitForNavigation timeout: 5000
[2025-09-18T10:39:48.334+08:00] waitForNavigation end
[2025-09-18T10:39:48.334+08:00] evaluate function begin
[2025-09-18T10:39:48.365+08:00] evaluate function end
[2025-09-18T10:39:48.365+08:00] getElementsNodeTree end, cost: 31ms
[2025-09-18T10:39:48.365+08:00] evaluate function begin
[2025-09-18T10:39:48.375+08:00] evaluate function end
[2025-09-18T10:39:48.376+08:00] waitForNavigation begin
[2025-09-18T10:39:48.376+08:00] waitForNavigation timeout: 5000
[2025-09-18T10:39:48.380+08:00] waitForNavigation end
[2025-09-18T10:39:48.380+08:00] screenshotBase64 begin
[2025-09-18T10:39:48.450+08:00] screenshotBase64 end, cost: 70ms
[2025-09-18T10:39:48.496+08:00] waitForNavigation begin
[2025-09-18T10:39:48.496+08:00] waitForNavigation timeout: 5000
[2025-09-18T10:39:48.500+08:00] waitForNavigation end
[2025-09-18T10:39:48.500+08:00] screenshotBase64 begin
[2025-09-18T10:39:48.566+08:00] screenshotBase64 end, cost: 66ms
[2025-09-18T10:39:48.566+08:00] waitForNavigation begin
[2025-09-18T10:39:48.566+08:00] waitForNavigation timeout: 5000
[2025-09-18T10:39:48.569+08:00] waitForNavigation end
[2025-09-18T10:39:48.569+08:00] evaluate function begin
[2025-09-18T10:39:48.601+08:00] evaluate function end
[2025-09-18T10:39:48.601+08:00] getElementsNodeTree end, cost: 32ms
[2025-09-18T10:39:48.601+08:00] waitForNavigation begin
[2025-09-18T10:39:48.601+08:00] waitForNavigation timeout: 5000
[2025-09-18T10:39:48.605+08:00] waitForNavigation end
[2025-09-18T10:39:48.808+08:00] clearInput begin
[2025-09-18T10:39:48.808+08:00] mouse move to 1173, 147
[2025-09-18T10:39:48.810+08:00] mouse click 1173, 147, left, 1
[2025-09-18T10:39:48.936+08:00] keyboard press [ { key: 'Backspace' } ]
[2025-09-18T10:39:48.946+08:00] clearInput end
[2025-09-18T10:39:48.946+08:00] keyboard type 40
[2025-09-18T10:39:49.140+08:00] waitForNavigation begin
[2025-09-18T10:39:49.140+08:00] waitForNavigation timeout: 5000
[2025-09-18T10:39:49.143+08:00] waitForNavigation end
[2025-09-18T10:39:49.143+08:00] screenshotBase64 begin
[2025-09-18T10:39:49.230+08:00] screenshotBase64 end, cost: 87ms
[2025-09-18T10:39:49.273+08:00] waitForNavigation begin
[2025-09-18T10:39:49.273+08:00] waitForNavigation timeout: 5000
[2025-09-18T10:39:49.277+08:00] waitForNavigation end
[2025-09-18T10:39:49.277+08:00] screenshotBase64 begin
[2025-09-18T10:39:49.348+08:00] screenshotBase64 end, cost: 71ms
[2025-09-18T10:39:49.348+08:00] waitForNavigation begin
[2025-09-18T10:39:49.348+08:00] waitForNavigation timeout: 5000
[2025-09-18T10:39:49.352+08:00] waitForNavigation end
[2025-09-18T10:39:49.352+08:00] evaluate function begin
[2025-09-18T10:39:49.384+08:00] evaluate function end
[2025-09-18T10:39:49.384+08:00] getElementsNodeTree end, cost: 32ms
[2025-09-18T10:39:52.573+08:00] waitForNavigation begin
[2025-09-18T10:39:52.573+08:00] waitForNavigation timeout: 5000
[2025-09-18T10:39:52.581+08:00] waitForNavigation end
[2025-09-18T10:39:52.581+08:00] screenshotBase64 begin
[2025-09-18T10:39:52.664+08:00] screenshotBase64 end, cost: 83ms
[2025-09-18T10:39:52.664+08:00] waitForNavigation begin
[2025-09-18T10:39:52.664+08:00] waitForNavigation timeout: 5000
[2025-09-18T10:39:52.668+08:00] waitForNavigation end
[2025-09-18T10:39:52.668+08:00] evaluate function begin
[2025-09-18T10:39:52.699+08:00] evaluate function end
[2025-09-18T10:39:52.699+08:00] getElementsNodeTree end, cost: 31ms
[2025-09-18T10:39:59.648+08:00] waitForNavigation begin
[2025-09-18T10:39:59.648+08:00] waitForNavigation timeout: 5000
[2025-09-18T10:39:59.652+08:00] waitForNavigation end
[2025-09-18T10:39:59.652+08:00] screenshotBase64 begin
[2025-09-18T10:39:59.735+08:00] screenshotBase64 end, cost: 83ms
[2025-09-18T10:39:59.736+08:00] waitForNavigation begin
[2025-09-18T10:39:59.736+08:00] waitForNavigation timeout: 5000
[2025-09-18T10:39:59.742+08:00] waitForNavigation end
[2025-09-18T10:39:59.742+08:00] evaluate function begin
[2025-09-18T10:39:59.773+08:00] evaluate function end
[2025-09-18T10:39:59.773+08:00] getElementsNodeTree end, cost: 31ms
[2025-09-18T10:39:59.817+08:00] waitForNavigation begin
[2025-09-18T10:39:59.817+08:00] waitForNavigation timeout: 5000
[2025-09-18T10:39:59.822+08:00] waitForNavigation end
[2025-09-18T10:39:59.822+08:00] screenshotBase64 begin
[2025-09-18T10:39:59.902+08:00] screenshotBase64 end, cost: 80ms
[2025-09-18T10:39:59.902+08:00] waitForNavigation begin
[2025-09-18T10:39:59.902+08:00] waitForNavigation timeout: 5000
[2025-09-18T10:39:59.909+08:00] waitForNavigation end
[2025-09-18T10:39:59.909+08:00] evaluate function begin
[2025-09-18T10:39:59.946+08:00] evaluate function end
[2025-09-18T10:39:59.946+08:00] getElementsNodeTree end, cost: 37ms
[2025-09-18T10:39:59.946+08:00] evaluate function begin
[2025-09-18T10:39:59.955+08:00] evaluate function end
[2025-09-18T10:39:59.956+08:00] waitForNavigation begin
[2025-09-18T10:39:59.956+08:00] waitForNavigation timeout: 5000
[2025-09-18T10:39:59.961+08:00] waitForNavigation end
[2025-09-18T10:39:59.961+08:00] screenshotBase64 begin
[2025-09-18T10:40:00.032+08:00] screenshotBase64 end, cost: 71ms
[2025-09-18T10:40:00.077+08:00] waitForNavigation begin
[2025-09-18T10:40:00.077+08:00] waitForNavigation timeout: 5000
[2025-09-18T10:40:00.083+08:00] waitForNavigation end
[2025-09-18T10:40:00.083+08:00] screenshotBase64 begin
[2025-09-18T10:40:00.142+08:00] screenshotBase64 end, cost: 59ms
[2025-09-18T10:40:00.142+08:00] waitForNavigation begin
[2025-09-18T10:40:00.142+08:00] waitForNavigation timeout: 5000
[2025-09-18T10:40:00.147+08:00] waitForNavigation end
[2025-09-18T10:40:00.147+08:00] evaluate function begin
[2025-09-18T10:40:00.181+08:00] evaluate function end
[2025-09-18T10:40:00.181+08:00] getElementsNodeTree end, cost: 34ms
[2025-09-18T10:40:00.181+08:00] waitForNavigation begin
[2025-09-18T10:40:00.181+08:00] waitForNavigation timeout: 5000
[2025-09-18T10:40:00.189+08:00] waitForNavigation end
[2025-09-18T10:40:00.404+08:00] clearInput begin
[2025-09-18T10:40:00.404+08:00] mouse move to 1033, 647
[2025-09-18T10:40:00.407+08:00] mouse click 1033, 647, left, 1
[2025-09-18T10:40:00.537+08:00] keyboard press [ { key: 'Backspace' } ]
[2025-09-18T10:40:00.542+08:00] clearInput end
[2025-09-18T10:40:00.542+08:00] keyboard type 自动创建人群1
[2025-09-18T10:40:01.185+08:00] waitForNavigation begin
[2025-09-18T10:40:01.185+08:00] waitForNavigation timeout: 5000
[2025-09-18T10:40:01.190+08:00] waitForNavigation end
[2025-09-18T10:40:01.190+08:00] screenshotBase64 begin
[2025-09-18T10:40:01.261+08:00] screenshotBase64 end, cost: 71ms
[2025-09-18T10:40:01.365+08:00] waitForNavigation begin
[2025-09-18T10:40:01.365+08:00] waitForNavigation timeout: 5000
[2025-09-18T10:40:01.375+08:00] waitForNavigation end
[2025-09-18T10:40:01.375+08:00] screenshotBase64 begin
[2025-09-18T10:40:01.447+08:00] screenshotBase64 end, cost: 72ms
[2025-09-18T10:40:01.448+08:00] waitForNavigation begin
[2025-09-18T10:40:01.448+08:00] waitForNavigation timeout: 5000
[2025-09-18T10:40:01.452+08:00] waitForNavigation end
[2025-09-18T10:40:01.452+08:00] evaluate function begin
[2025-09-18T10:40:01.482+08:00] evaluate function end
[2025-09-18T10:40:01.482+08:00] getElementsNodeTree end, cost: 30ms
[2025-09-18T10:40:07.226+08:00] waitForNavigation begin
[2025-09-18T10:40:07.227+08:00] waitForNavigation timeout: 5000
[2025-09-18T10:40:07.231+08:00] waitForNavigation end
[2025-09-18T10:40:07.231+08:00] screenshotBase64 begin
[2025-09-18T10:40:07.312+08:00] screenshotBase64 end, cost: 81ms
[2025-09-18T10:40:07.312+08:00] waitForNavigation begin
[2025-09-18T10:40:07.312+08:00] waitForNavigation timeout: 5000
[2025-09-18T10:40:07.316+08:00] waitForNavigation end
[2025-09-18T10:40:07.316+08:00] evaluate function begin
[2025-09-18T10:40:07.349+08:00] evaluate function end
[2025-09-18T10:40:07.350+08:00] getElementsNodeTree end, cost: 34ms
[2025-09-18T10:40:07.396+08:00] waitForNavigation begin
[2025-09-18T10:40:07.396+08:00] waitForNavigation timeout: 5000
[2025-09-18T10:40:07.402+08:00] waitForNavigation end
[2025-09-18T10:40:07.402+08:00] screenshotBase64 begin
[2025-09-18T10:40:07.483+08:00] screenshotBase64 end, cost: 81ms
[2025-09-18T10:40:07.483+08:00] waitForNavigation begin
[2025-09-18T10:40:07.483+08:00] waitForNavigation timeout: 5000
[2025-09-18T10:40:07.486+08:00] waitForNavigation end
[2025-09-18T10:40:07.486+08:00] evaluate function begin
[2025-09-18T10:40:07.518+08:00] evaluate function end
[2025-09-18T10:40:07.518+08:00] getElementsNodeTree end, cost: 32ms
[2025-09-18T10:40:07.519+08:00] evaluate function begin
[2025-09-18T10:40:07.530+08:00] evaluate function end
[2025-09-18T10:40:07.531+08:00] waitForNavigation begin
[2025-09-18T10:40:07.531+08:00] waitForNavigation timeout: 5000
[2025-09-18T10:40:07.535+08:00] waitForNavigation end
[2025-09-18T10:40:07.535+08:00] screenshotBase64 begin
[2025-09-18T10:40:07.599+08:00] screenshotBase64 end, cost: 64ms
[2025-09-18T10:40:07.643+08:00] waitForNavigation begin
[2025-09-18T10:40:07.643+08:00] waitForNavigation timeout: 5000
[2025-09-18T10:40:07.647+08:00] waitForNavigation end
[2025-09-18T10:40:07.647+08:00] screenshotBase64 begin
[2025-09-18T10:40:07.715+08:00] screenshotBase64 end, cost: 68ms
[2025-09-18T10:40:07.716+08:00] waitForNavigation begin
[2025-09-18T10:40:07.716+08:00] waitForNavigation timeout: 5000
[2025-09-18T10:40:07.719+08:00] waitForNavigation end
[2025-09-18T10:40:07.719+08:00] evaluate function begin
[2025-09-18T10:40:07.750+08:00] evaluate function end
[2025-09-18T10:40:07.750+08:00] getElementsNodeTree end, cost: 31ms
[2025-09-18T10:40:07.750+08:00] waitForNavigation begin
[2025-09-18T10:40:07.750+08:00] waitForNavigation timeout: 5000
[2025-09-18T10:40:07.753+08:00] waitForNavigation end
[2025-09-18T10:40:07.956+08:00] clearInput begin
[2025-09-18T10:40:07.956+08:00] mouse move to 1310, 646
[2025-09-18T10:40:07.959+08:00] mouse click 1310, 646, left, 1
[2025-09-18T10:40:08.070+08:00] keyboard press [ { key: 'Backspace' } ]
[2025-09-18T10:40:08.074+08:00] clearInput end
[2025-09-18T10:40:08.074+08:00] keyboard type auto-1
[2025-09-18T10:40:08.639+08:00] waitForNavigation begin
[2025-09-18T10:40:08.639+08:00] waitForNavigation timeout: 5000
[2025-09-18T10:40:08.645+08:00] waitForNavigation end
[2025-09-18T10:40:08.645+08:00] screenshotBase64 begin
[2025-09-18T10:40:08.732+08:00] screenshotBase64 end, cost: 87ms
[2025-09-18T10:40:08.841+08:00] waitForNavigation begin
[2025-09-18T10:40:08.841+08:00] waitForNavigation timeout: 5000
[2025-09-18T10:40:08.848+08:00] waitForNavigation end
[2025-09-18T10:40:08.848+08:00] screenshotBase64 begin
[2025-09-18T10:40:08.932+08:00] screenshotBase64 end, cost: 84ms
[2025-09-18T10:40:08.932+08:00] waitForNavigation begin
[2025-09-18T10:40:08.932+08:00] waitForNavigation timeout: 5000
[2025-09-18T10:40:08.936+08:00] waitForNavigation end
[2025-09-18T10:40:08.937+08:00] evaluate function begin
[2025-09-18T10:40:08.968+08:00] evaluate function end
[2025-09-18T10:40:08.968+08:00] getElementsNodeTree end, cost: 31ms
[2025-09-18T10:40:11.194+08:00] evaluate function begin
[2025-09-18T10:40:11.203+08:00] evaluate function end
[2025-09-18T10:40:11.204+08:00] waitForNavigation begin
[2025-09-18T10:40:11.204+08:00] waitForNavigation timeout: 5000
[2025-09-18T10:40:11.210+08:00] waitForNavigation end
[2025-09-18T10:40:11.210+08:00] screenshotBase64 begin
[2025-09-18T10:40:11.289+08:00] screenshotBase64 end, cost: 79ms
[2025-09-18T10:40:11.335+08:00] waitForNavigation begin
[2025-09-18T10:40:11.335+08:00] waitForNavigation timeout: 5000
[2025-09-18T10:40:11.340+08:00] waitForNavigation end
[2025-09-18T10:40:11.341+08:00] screenshotBase64 begin
[2025-09-18T10:40:11.412+08:00] screenshotBase64 end, cost: 71ms
[2025-09-18T10:40:11.412+08:00] waitForNavigation begin
[2025-09-18T10:40:11.412+08:00] waitForNavigation timeout: 5000
[2025-09-18T10:40:11.415+08:00] waitForNavigation end
[2025-09-18T10:40:11.415+08:00] evaluate function begin
[2025-09-18T10:40:11.444+08:00] evaluate function end
[2025-09-18T10:40:11.444+08:00] getElementsNodeTree end, cost: 29ms
[2025-09-18T10:40:11.445+08:00] waitForNavigation begin
[2025-09-18T10:40:11.445+08:00] waitForNavigation timeout: 5000
[2025-09-18T10:40:11.448+08:00] waitForNavigation end
[2025-09-18T10:40:11.654+08:00] mouse move to 1350, 724
[2025-09-18T10:40:11.656+08:00] mouse click 1350, 724, left, 1
[2025-09-18T10:40:11.657+08:00] waitForNavigation begin
[2025-09-18T10:40:11.657+08:00] waitForNavigation timeout: 5000
[2025-09-18T10:40:11.672+08:00] waitForNavigation end
[2025-09-18T10:40:11.673+08:00] screenshotBase64 begin
[2025-09-18T10:40:11.765+08:00] screenshotBase64 end, cost: 93ms
[2025-09-18T10:40:12.894+08:00] waitForNavigation begin
[2025-09-18T10:40:12.894+08:00] waitForNavigation timeout: 5000
[2025-09-18T10:40:12.902+08:00] waitForNavigation end
[2025-09-18T10:40:12.902+08:00] screenshotBase64 begin
[2025-09-18T10:40:12.983+08:00] screenshotBase64 end, cost: 81ms
[2025-09-18T10:40:12.983+08:00] waitForNavigation begin
[2025-09-18T10:40:12.983+08:00] waitForNavigation timeout: 5000
[2025-09-18T10:40:12.988+08:00] waitForNavigation end
[2025-09-18T10:40:12.988+08:00] evaluate function begin
[2025-09-18T10:40:13.014+08:00] evaluate function end
[2025-09-18T10:40:13.014+08:00] getElementsNodeTree end, cost: 26ms
[2025-09-18T10:40:15.533+08:00] evaluate function begin
[2025-09-18T10:40:15.543+08:00] evaluate function end
[2025-09-18T10:40:15.544+08:00] waitForNavigation begin
[2025-09-18T10:40:15.544+08:00] waitForNavigation timeout: 5000
[2025-09-18T10:40:15.552+08:00] waitForNavigation end
[2025-09-18T10:40:15.552+08:00] screenshotBase64 begin
[2025-09-18T10:40:15.629+08:00] screenshotBase64 end, cost: 77ms
[2025-09-18T10:40:15.678+08:00] waitForNavigation begin
[2025-09-18T10:40:15.678+08:00] waitForNavigation timeout: 5000
[2025-09-18T10:40:15.688+08:00] waitForNavigation end
[2025-09-18T10:40:15.688+08:00] screenshotBase64 begin
[2025-09-18T10:40:15.763+08:00] screenshotBase64 end, cost: 75ms
[2025-09-18T10:40:15.763+08:00] waitForNavigation begin
[2025-09-18T10:40:15.763+08:00] waitForNavigation timeout: 5000
[2025-09-18T10:40:15.767+08:00] waitForNavigation end
[2025-09-18T10:40:15.767+08:00] evaluate function begin
[2025-09-18T10:40:15.790+08:00] evaluate function end
[2025-09-18T10:40:15.790+08:00] getElementsNodeTree end, cost: 23ms
[2025-09-18T10:40:15.790+08:00] waitForNavigation begin
[2025-09-18T10:40:15.790+08:00] waitForNavigation timeout: 5000
[2025-09-18T10:40:15.794+08:00] waitForNavigation end
[2025-09-18T10:40:16.120+08:00] mouse move to 1032, 645.5
[2025-09-18T10:40:16.123+08:00] mouse click 1032, 645.5, left, 1
[2025-09-18T10:40:16.124+08:00] waitForNavigation begin
[2025-09-18T10:40:16.124+08:00] waitForNavigation timeout: 5000
[2025-09-18T10:40:16.132+08:00] waitForNavigation end
[2025-09-18T10:40:16.132+08:00] screenshotBase64 begin
[2025-09-18T10:40:16.193+08:00] screenshotBase64 end, cost: 61ms
[2025-09-18T10:40:16.302+08:00] waitForNavigation begin
[2025-09-18T10:40:16.302+08:00] waitForNavigation timeout: 5000
[2025-09-18T10:40:16.310+08:00] waitForNavigation end
[2025-09-18T10:40:16.310+08:00] screenshotBase64 begin
[2025-09-18T10:40:16.380+08:00] screenshotBase64 end, cost: 70ms
[2025-09-18T10:40:16.380+08:00] waitForNavigation begin
[2025-09-18T10:40:16.380+08:00] waitForNavigation timeout: 5000
[2025-09-18T10:40:16.385+08:00] waitForNavigation end
[2025-09-18T10:40:16.385+08:00] evaluate function begin
[2025-09-18T10:40:16.423+08:00] evaluate function end
[2025-09-18T10:40:16.423+08:00] getElementsNodeTree end, cost: 38ms
[2025-09-18T10:40:19.859+08:00] evaluate function begin
[2025-09-18T10:40:19.879+08:00] evaluate function end
[2025-09-18T10:40:19.881+08:00] waitForNavigation begin
[2025-09-18T10:40:19.881+08:00] waitForNavigation timeout: 5000
[2025-09-18T10:40:19.884+08:00] waitForNavigation end
[2025-09-18T10:40:19.884+08:00] screenshotBase64 begin
[2025-09-18T10:40:19.967+08:00] screenshotBase64 end, cost: 83ms
[2025-09-18T10:40:20.014+08:00] waitForNavigation begin
[2025-09-18T10:40:20.014+08:00] waitForNavigation timeout: 5000
[2025-09-18T10:40:20.018+08:00] waitForNavigation end
[2025-09-18T10:40:20.018+08:00] screenshotBase64 begin
[2025-09-18T10:40:20.083+08:00] screenshotBase64 end, cost: 65ms
[2025-09-18T10:40:20.084+08:00] waitForNavigation begin
[2025-09-18T10:40:20.084+08:00] waitForNavigation timeout: 5000
[2025-09-18T10:40:20.087+08:00] waitForNavigation end
[2025-09-18T10:40:20.087+08:00] evaluate function begin
[2025-09-18T10:40:20.125+08:00] evaluate function end
[2025-09-18T10:40:20.125+08:00] getElementsNodeTree end, cost: 38ms
[2025-09-18T10:40:20.125+08:00] waitForNavigation begin
[2025-09-18T10:40:20.125+08:00] waitForNavigation timeout: 5000
[2025-09-18T10:40:20.129+08:00] waitForNavigation end
[2025-09-18T10:40:20.339+08:00] mouse move to 1212, 255
[2025-09-18T10:40:20.347+08:00] mouse click 1212, 255, left, 1
[2025-09-18T10:40:20.348+08:00] waitForNavigation begin
[2025-09-18T10:40:20.348+08:00] waitForNavigation timeout: 5000
[2025-09-18T10:40:20.368+08:00] waitForNavigation end
[2025-09-18T10:40:20.368+08:00] screenshotBase64 begin
[2025-09-18T10:40:20.430+08:00] screenshotBase64 end, cost: 62ms
[2025-09-18T10:40:20.507+08:00] waitForNavigation begin
[2025-09-18T10:40:20.507+08:00] waitForNavigation timeout: 5000
[2025-09-18T10:40:20.515+08:00] waitForNavigation end
[2025-09-18T10:40:20.515+08:00] screenshotBase64 begin
[2025-09-18T10:40:20.592+08:00] screenshotBase64 end, cost: 77ms
[2025-09-18T10:40:20.639+08:00] waitForNavigation begin
[2025-09-18T10:40:20.639+08:00] waitForNavigation timeout: 5000
[2025-09-18T10:40:20.643+08:00] waitForNavigation end
[2025-09-18T10:40:20.643+08:00] screenshotBase64 begin
[2025-09-18T10:40:20.715+08:00] screenshotBase64 end, cost: 72ms
[2025-09-18T10:40:20.715+08:00] waitForNavigation begin
[2025-09-18T10:40:20.715+08:00] waitForNavigation timeout: 5000
[2025-09-18T10:40:20.718+08:00] waitForNavigation end
[2025-09-18T10:40:20.718+08:00] evaluate function begin
[2025-09-18T10:40:20.736+08:00] evaluate function end
[2025-09-18T10:40:20.736+08:00] getElementsNodeTree end, cost: 18ms
[2025-09-18T10:40:20.778+08:00] waitForNavigation begin
[2025-09-18T10:40:20.778+08:00] waitForNavigation timeout: 5000
[2025-09-18T10:40:20.782+08:00] waitForNavigation end
[2025-09-18T10:40:20.782+08:00] screenshotBase64 begin
[2025-09-18T10:40:20.842+08:00] screenshotBase64 end, cost: 60ms
[2025-09-18T10:40:20.842+08:00] waitForNavigation begin
[2025-09-18T10:40:20.842+08:00] waitForNavigation timeout: 5000
[2025-09-18T10:40:20.846+08:00] waitForNavigation end
[2025-09-18T10:40:20.846+08:00] evaluate function begin
[2025-09-18T10:40:20.862+08:00] evaluate function end
[2025-09-18T10:40:20.862+08:00] getElementsNodeTree end, cost: 16ms
[2025-09-18T10:40:23.120+08:00] waitForNavigation begin
[2025-09-18T10:40:23.120+08:00] waitForNavigation timeout: 5000
[2025-09-18T10:40:23.130+08:00] waitForNavigation end
[2025-09-18T10:40:23.130+08:00] screenshotBase64 begin
[2025-09-18T10:40:23.196+08:00] screenshotBase64 end, cost: 66ms
[2025-09-18T10:40:23.196+08:00] waitForNavigation begin
[2025-09-18T10:40:23.196+08:00] waitForNavigation timeout: 5000
[2025-09-18T10:40:23.199+08:00] waitForNavigation end
[2025-09-18T10:40:23.199+08:00] evaluate function begin
[2025-09-18T10:40:23.216+08:00] evaluate function end
[2025-09-18T10:40:23.216+08:00] getElementsNodeTree end, cost: 17ms
[2025-09-18T10:40:25.655+08:00] evaluate function begin
[2025-09-18T10:40:25.659+08:00] evaluate function end
[2025-09-18T10:40:25.660+08:00] waitForNavigation begin
[2025-09-18T10:40:25.660+08:00] waitForNavigation timeout: 5000
[2025-09-18T10:40:25.663+08:00] waitForNavigation end
[2025-09-18T10:40:25.663+08:00] screenshotBase64 begin
[2025-09-18T10:40:25.744+08:00] screenshotBase64 end, cost: 81ms
[2025-09-18T10:40:25.788+08:00] waitForNavigation begin
[2025-09-18T10:40:25.788+08:00] waitForNavigation timeout: 5000
[2025-09-18T10:40:25.792+08:00] waitForNavigation end
[2025-09-18T10:40:25.792+08:00] screenshotBase64 begin
[2025-09-18T10:40:25.863+08:00] screenshotBase64 end, cost: 71ms
[2025-09-18T10:40:25.863+08:00] waitForNavigation begin
[2025-09-18T10:40:25.863+08:00] waitForNavigation timeout: 5000
[2025-09-18T10:40:25.866+08:00] waitForNavigation end
[2025-09-18T10:40:25.866+08:00] evaluate function begin
[2025-09-18T10:40:25.882+08:00] evaluate function end
[2025-09-18T10:40:25.882+08:00] getElementsNodeTree end, cost: 16ms
[2025-09-18T10:40:25.883+08:00] waitForNavigation begin
[2025-09-18T10:40:25.883+08:00] waitForNavigation timeout: 5000
[2025-09-18T10:40:25.889+08:00] waitForNavigation end
[2025-09-18T10:40:26.091+08:00] mouse move to 728, 375
[2025-09-18T10:40:26.093+08:00] mouse click 728, 375, left, 1
[2025-09-18T10:40:26.094+08:00] waitForNavigation begin
[2025-09-18T10:40:26.094+08:00] waitForNavigation timeout: 5000
[2025-09-18T10:40:26.098+08:00] waitForNavigation end
[2025-09-18T10:40:26.098+08:00] screenshotBase64 begin
[2025-09-18T10:40:26.163+08:00] screenshotBase64 end, cost: 65ms
[2025-09-18T10:40:26.281+08:00] waitForNavigation begin
[2025-09-18T10:40:26.281+08:00] waitForNavigation timeout: 5000
[2025-09-18T10:40:26.291+08:00] waitForNavigation end
[2025-09-18T10:40:26.291+08:00] screenshotBase64 begin
[2025-09-18T10:40:26.368+08:00] screenshotBase64 end, cost: 77ms
[2025-09-18T10:40:26.368+08:00] waitForNavigation begin
[2025-09-18T10:40:26.368+08:00] waitForNavigation timeout: 5000
[2025-09-18T10:40:26.374+08:00] waitForNavigation end
[2025-09-18T10:40:26.374+08:00] evaluate function begin
[2025-09-18T10:40:26.392+08:00] evaluate function end
[2025-09-18T10:40:26.392+08:00] getElementsNodeTree end, cost: 18ms
[2025-09-18T10:40:30.478+08:00] evaluate function begin
[2025-09-18T10:40:30.481+08:00] evaluate function end
[2025-09-18T10:40:30.483+08:00] waitForNavigation begin
[2025-09-18T10:40:30.483+08:00] waitForNavigation timeout: 5000
[2025-09-18T10:40:30.488+08:00] waitForNavigation end
[2025-09-18T10:40:30.488+08:00] screenshotBase64 begin
[2025-09-18T10:40:30.563+08:00] screenshotBase64 end, cost: 75ms
[2025-09-18T10:40:30.609+08:00] waitForNavigation begin
[2025-09-18T10:40:30.609+08:00] waitForNavigation timeout: 5000
[2025-09-18T10:40:30.613+08:00] waitForNavigation end
[2025-09-18T10:40:30.613+08:00] screenshotBase64 begin
[2025-09-18T10:40:30.705+08:00] screenshotBase64 end, cost: 92ms
[2025-09-18T10:40:30.705+08:00] waitForNavigation begin
[2025-09-18T10:40:30.705+08:00] waitForNavigation timeout: 5000
[2025-09-18T10:40:30.710+08:00] waitForNavigation end
[2025-09-18T10:40:30.710+08:00] evaluate function begin
[2025-09-18T10:40:30.731+08:00] evaluate function end
[2025-09-18T10:40:30.731+08:00] getElementsNodeTree end, cost: 21ms
[2025-09-18T10:40:30.732+08:00] waitForNavigation begin
[2025-09-18T10:40:30.732+08:00] waitForNavigation timeout: 5000
[2025-09-18T10:40:30.736+08:00] waitForNavigation end
[2025-09-18T10:40:30.937+08:00] mouse move to 757, 479
[2025-09-18T10:40:30.940+08:00] mouse click 757, 479, left, 1
[2025-09-18T10:40:30.941+08:00] waitForNavigation begin
[2025-09-18T10:40:30.941+08:00] waitForNavigation timeout: 5000
[2025-09-18T10:40:30.949+08:00] waitForNavigation end
[2025-09-18T10:40:30.949+08:00] screenshotBase64 begin
[2025-09-18T10:40:31.031+08:00] screenshotBase64 end, cost: 82ms
