[2025-09-17T22:08:39.114+08:00] setting output by script path D:\DQC\midscene\midscene_run\output\bing-search-1758118119114.json
[2025-09-17T22:14:20.849+08:00] setting output by script path D:\DQC\midscene\midscene_run\output\bing-search-1758118460849.json
[2025-09-17T22:25:10.155+08:00] setting output by script path D:\DQC\midscene\midscene_run\output\bing-search-1758119110155.json
[2025-09-17T22:25:29.341+08:00] playing step 0, flowItem={"ai":"搜索 \"今日天气\""}
[2025-09-17T22:25:45.455+08:00] playing step 1, flowItem={"sleep":3000}
[2025-09-17T22:25:48.456+08:00] playing step 2, flowItem={"aiAssert":"结果显示天气信息"}
[2025-09-17T22:28:14.600+08:00] setting output by script path D:\DQC\midscene\midscene_run\output\bing-search-1758119294599.json
[2025-09-17T22:28:26.613+08:00] playing step 0, flowItem={"ai":"搜索 \"今日天气\""}
[2025-09-17T22:33:18.248+08:00] setting output by script path D:\DQC\midscene\midscene_run\output\bing-search-1758119598248.json
[2025-09-17T22:33:29.057+08:00] playing step 0, flowItem={"ai":"搜索 \"今日天气\""}
[2025-09-17T22:33:42.138+08:00] playing step 1, flowItem={"sleep":3000}
[2025-09-17T22:33:45.151+08:00] playing step 2, flowItem={"aiAssert":"结果显示天气信息"}
[2025-09-17T22:36:11.370+08:00] setting output by script path D:\DQC\midscene\midscene_run\output\customer-segment-1758119771370.json
[2025-09-17T22:36:14.878+08:00] playing step 0, flowItem={"ai":"在账号登录区域输入账号 \"qlt_test\""}
[2025-09-17T22:36:28.988+08:00] playing step 1, flowItem={"ai":"光标跳转到密码框"}
[2025-09-17T22:36:34.291+08:00] playing step 2, flowItem={"sleep":2000}
[2025-09-17T22:36:36.293+08:00] playing step 3, flowItem={"ai":"清空密码框"}
[2025-09-17T22:36:42.191+08:00] playing step 4, flowItem={"ai":"输入密码 \"qa123456\""}
[2025-09-17T22:36:56.352+08:00] playing step 5, flowItem={"aiTap":"点击登录按钮"}
[2025-09-17T22:36:56.353+08:00] matchedAction: Tap flowParams: {
  "locate": {
    "prompt": "点击登录按钮",
    "deepThink": false,
    "cacheable": true
  }
}
[2025-09-17T22:37:00.922+08:00] playing step 0, flowItem={"aiTap":"点击左侧菜单「客户」"}
[2025-09-17T22:37:00.922+08:00] matchedAction: Tap flowParams: {
  "locate": {
    "prompt": "点击左侧菜单「客户」",
    "deepThink": false,
    "cacheable": true
  }
}
[2025-09-18T10:38:42.158+08:00] setting output by script path D:\DQC\midscene\midscene_run\output\customer-segment-1758163122157.json
[2025-09-18T10:38:44.028+08:00] playing step 0, flowItem={"ai":"在账号登录区域输入账号 \"qlt_test\""}
[2025-09-18T10:38:54.244+08:00] playing step 1, flowItem={"ai":"光标跳转到密码框"}
[2025-09-18T10:39:01.953+08:00] playing step 2, flowItem={"ai":"输入密码 \"qa123456\""}
[2025-09-18T10:39:10.821+08:00] playing step 3, flowItem={"aiTap":"点击登录按钮"}
[2025-09-18T10:39:10.822+08:00] matchedAction: Tap flowParams: {
  "locate": {
    "prompt": "点击登录按钮",
    "deepThink": false,
    "cacheable": true
  }
}
[2025-09-18T10:39:14.123+08:00] playing step 0, flowItem={"aiTap":"点击最左侧菜单栏中的「客户」"}
[2025-09-18T10:39:14.123+08:00] matchedAction: Tap flowParams: {
  "locate": {
    "prompt": "点击最左侧菜单栏中的「客户」",
    "deepThink": false,
    "cacheable": true
  }
}
[2025-09-18T10:39:18.553+08:00] playing step 1, flowItem={"aiTap":"点击「人群圈选」"}
[2025-09-18T10:39:18.553+08:00] matchedAction: Tap flowParams: {
  "locate": {
    "prompt": "点击「人群圈选」",
    "deepThink": false,
    "cacheable": true
  }
}
[2025-09-18T10:39:22.253+08:00] playing step 2, flowItem={"aiWaitFor":"页面出现「人群圈选」标题"}
[2025-09-18T10:39:25.016+08:00] playing step 3, flowItem={"sleep":1000}
[2025-09-18T10:39:26.024+08:00] playing step 0, flowItem={"aiTap":"点击「新建人群」按钮"}
[2025-09-18T10:39:26.024+08:00] matchedAction: Tap flowParams: {
  "locate": {
    "prompt": "点击「新建人群」按钮",
    "deepThink": false,
    "cacheable": true
  }
}
[2025-09-18T10:39:29.544+08:00] playing step 1, flowItem={"sleep":1000}
[2025-09-18T10:39:30.556+08:00] playing step 0, flowItem={"aiTap":"点击「会员年龄」"}
[2025-09-18T10:39:30.557+08:00] matchedAction: Tap flowParams: {
  "locate": {
    "prompt": "点击「会员年龄」",
    "deepThink": false,
    "cacheable": true
  }
}
[2025-09-18T10:39:34.745+08:00] playing step 1, flowItem={"ai":"输入条件 大于 20 岁"}
[2025-09-18T10:39:44.110+08:00] playing step 2, flowItem={"ai":"输入条件 小于等于 40 岁"}
[2025-09-18T10:39:52.531+08:00] playing step 0, flowItem={"ai":"在「人群命名」输入框输入 \"自动创建人群1\""}
[2025-09-18T10:40:01.323+08:00] playing step 1, flowItem={"ai":"在备注框输入 \"auto-1\""}
[2025-09-18T10:40:08.798+08:00] playing step 2, flowItem={"aiTap":"点击「保存人群」按钮"}
[2025-09-18T10:40:08.798+08:00] matchedAction: Tap flowParams: {
  "locate": {
    "prompt": "点击「保存人群」按钮",
    "deepThink": false,
    "cacheable": true
  }
}
[2025-09-18T10:40:11.835+08:00] playing step 3, flowItem={"sleep":1000}
[2025-09-18T10:40:12.841+08:00] playing step 0, flowItem={"aiTap":"在列表选择「自动创建人群1」"}
[2025-09-18T10:40:12.842+08:00] matchedAction: Tap flowParams: {
  "locate": {
    "prompt": "在列表选择「自动创建人群1」",
    "deepThink": false,
    "cacheable": true
  }
}
[2025-09-18T10:40:16.260+08:00] playing step 1, flowItem={"aiTap":"点击「删除」操作"}
[2025-09-18T10:40:16.261+08:00] matchedAction: Tap flowParams: {
  "locate": {
    "prompt": "点击「删除」操作",
    "deepThink": false,
    "cacheable": true
  }
}
[2025-09-18T10:40:20.507+08:00] playing step 2, flowItem={"aiWaitFor":"出现确认弹窗"}
[2025-09-18T10:40:23.076+08:00] playing step 3, flowItem={"aiTap":"若未出现弹窗则重试点击删除"}
[2025-09-18T10:40:23.076+08:00] matchedAction: Tap flowParams: {
  "locate": {
    "prompt": "若未出现弹窗则重试点击删除",
    "deepThink": false,
    "cacheable": true
  }
}
[2025-09-18T10:40:26.237+08:00] playing step 4, flowItem={"aiTap":"在弹窗点击「确定」"}
[2025-09-18T10:40:26.237+08:00] matchedAction: Tap flowParams: {
  "locate": {
    "prompt": "在弹窗点击「确定」",
    "deepThink": false,
    "cacheable": true
  }
}
